2022-01-01 02:15:33.688 [main] INFO  com.codesniper.smartcampus.SmartCampusApplication - Starting SmartCampusApplication using Java 1.8.0_282 on gongxiwus-Macbook-Pro.local with PID 72880 (/usr/local/Code/smart-campus/target/classes started by gongxiwu in /usr/local/Code/smart-campus)
2022-01-01 02:15:33.690 [main] INFO  com.codesniper.smartcampus.SmartCampusApplication - No active profile set, falling back to default profiles: default
2022-01-01 02:15:34.215 [main] INFO  o.s.d.r.config.RepositoryConfigurationDelegate - Multiple Spring Data modules found, entering strict repository configuration mode!
2022-01-01 02:15:34.217 [main] INFO  o.s.d.r.config.RepositoryConfigurationDelegate - Bootstrapping Spring Data Redis repositories in DEFAULT mode.
2022-01-01 02:15:34.231 [main] INFO  o.s.d.r.config.RepositoryConfigurationDelegate - Finished Spring Data repository scanning in 4 ms. Found 0 Redis repository interfaces.
2022-01-01 02:15:34.719 [main] INFO  o.s.boot.web.embedded.tomcat.TomcatWebServer - Tomcat initialized with port(s): 10086 (http)
2022-01-01 02:15:34.727 [main] INFO  org.apache.coyote.http11.Http11NioProtocol - Initializing ProtocolHandler ["http-nio-10086"]
2022-01-01 02:15:34.728 [main] INFO  org.apache.catalina.core.StandardService - Starting service [Tomcat]
2022-01-01 02:15:34.728 [main] INFO  org.apache.catalina.core.StandardEngine - Starting Servlet engine: [Apache Tomcat/9.0.54]
2022-01-01 02:15:34.783 [main] INFO  o.a.c.c.C.[Tomcat].[localhost].[/smart-campus] - Initializing Spring embedded WebApplicationContext
2022-01-01 02:15:34.783 [main] INFO  o.s.b.w.s.c.ServletWebServerApplicationContext - Root WebApplicationContext: initialization completed in 1060 ms
2022-01-01 02:15:35.522 [main] INFO  org.apache.coyote.http11.Http11NioProtocol - Starting ProtocolHandler ["http-nio-10086"]
2022-01-01 02:15:35.534 [main] INFO  o.s.boot.web.embedded.tomcat.TomcatWebServer - Tomcat started on port(s): 10086 (http) with context path '/smart-campus'
2022-01-01 02:15:35.654 [main] INFO  com.codesniper.smartcampus.SmartCampusApplication - Started SmartCampusApplication in 2.369 seconds (JVM running for 5.373)
2022-01-01 02:18:14.221 [http-nio-10086-exec-6] INFO  o.a.c.c.C.[Tomcat].[localhost].[/smart-campus] - Initializing Spring DispatcherServlet 'dispatcherServlet'
2022-01-01 02:18:14.222 [http-nio-10086-exec-6] INFO  org.springframework.web.servlet.DispatcherServlet - Initializing Servlet 'dispatcherServlet'
2022-01-01 02:18:14.225 [http-nio-10086-exec-6] INFO  org.springframework.web.servlet.DispatcherServlet - Completed initialization in 2 ms
2022-01-01 02:20:44.828 [main] INFO  com.codesniper.smartcampus.SmartCampusApplication - Starting SmartCampusApplication using Java 1.8.0_282 on gongxiwus-Macbook-Pro.local with PID 72942 (/usr/local/Code/smart-campus/target/classes started by gongxiwu in /usr/local/Code/smart-campus)
2022-01-01 02:20:44.830 [main] INFO  com.codesniper.smartcampus.SmartCampusApplication - No active profile set, falling back to default profiles: default
2022-01-01 02:20:45.310 [main] INFO  o.s.d.r.config.RepositoryConfigurationDelegate - Multiple Spring Data modules found, entering strict repository configuration mode!
2022-01-01 02:20:45.311 [main] INFO  o.s.d.r.config.RepositoryConfigurationDelegate - Bootstrapping Spring Data Redis repositories in DEFAULT mode.
2022-01-01 02:20:45.325 [main] INFO  o.s.d.r.config.RepositoryConfigurationDelegate - Finished Spring Data repository scanning in 4 ms. Found 0 Redis repository interfaces.
2022-01-01 02:20:45.810 [main] INFO  o.s.boot.web.embedded.tomcat.TomcatWebServer - Tomcat initialized with port(s): 10086 (http)
2022-01-01 02:20:45.817 [main] INFO  org.apache.coyote.http11.Http11NioProtocol - Initializing ProtocolHandler ["http-nio-10086"]
2022-01-01 02:20:45.817 [main] INFO  org.apache.catalina.core.StandardService - Starting service [Tomcat]
2022-01-01 02:20:45.818 [main] INFO  org.apache.catalina.core.StandardEngine - Starting Servlet engine: [Apache Tomcat/9.0.54]
2022-01-01 02:20:45.876 [main] INFO  o.a.c.c.C.[Tomcat].[localhost].[/smart-campus] - Initializing Spring embedded WebApplicationContext
2022-01-01 02:20:45.876 [main] INFO  o.s.b.w.s.c.ServletWebServerApplicationContext - Root WebApplicationContext: initialization completed in 1013 ms
2022-01-01 02:20:46.631 [main] INFO  org.apache.coyote.http11.Http11NioProtocol - Starting ProtocolHandler ["http-nio-10086"]
2022-01-01 02:20:46.641 [main] INFO  o.s.boot.web.embedded.tomcat.TomcatWebServer - Tomcat started on port(s): 10086 (http) with context path '/smart-campus'
2022-01-01 02:20:46.740 [main] INFO  com.codesniper.smartcampus.SmartCampusApplication - Started SmartCampusApplication in 2.27 seconds (JVM running for 3.829)
2022-01-01 02:20:51.428 [http-nio-10086-exec-1] INFO  o.a.c.c.C.[Tomcat].[localhost].[/smart-campus] - Initializing Spring DispatcherServlet 'dispatcherServlet'
2022-01-01 02:20:51.429 [http-nio-10086-exec-1] INFO  org.springframework.web.servlet.DispatcherServlet - Initializing Servlet 'dispatcherServlet'
2022-01-01 02:20:51.430 [http-nio-10086-exec-1] INFO  org.springframework.web.servlet.DispatcherServlet - Completed initialization in 1 ms
2022-01-01 02:20:54.664 [http-nio-10086-exec-5] INFO  com.zaxxer.hikari.HikariDataSource - DataHikarCP - Starting...
2022-01-01 02:20:55.264 [http-nio-10086-exec-5] INFO  com.zaxxer.hikari.HikariDataSource - DataHikarCP - Start completed.
2022-01-01 02:22:58.825 [http-nio-10086-exec-8] INFO  o.s.d.r.config.RepositoryConfigurationDelegate - Bootstrapping Spring Data Redis repositories in DEFAULT mode.
2022-01-01 02:22:58.827 [http-nio-10086-exec-8] INFO  o.s.d.r.config.RepositoryConfigurationDelegate - Finished Spring Data repository scanning in 1 ms. Found 0 Redis repository interfaces.
2022-01-01 02:23:20.694 [SpringApplicationShutdownHook] INFO  com.zaxxer.hikari.HikariDataSource - DataHikarCP - Shutdown initiated...
2022-01-01 02:23:20.698 [SpringApplicationShutdownHook] INFO  com.zaxxer.hikari.HikariDataSource - DataHikarCP - Shutdown completed.
2022-01-01 02:23:23.495 [main] INFO  com.codesniper.smartcampus.SmartCampusApplication - Starting SmartCampusApplication using Java 1.8.0_282 on gongxiwus-Macbook-Pro.local with PID 72974 (/usr/local/Code/smart-campus/target/classes started by gongxiwu in /usr/local/Code/smart-campus)
2022-01-01 02:23:23.496 [main] INFO  com.codesniper.smartcampus.SmartCampusApplication - No active profile set, falling back to default profiles: default
2022-01-01 02:23:23.995 [main] INFO  o.s.d.r.config.RepositoryConfigurationDelegate - Multiple Spring Data modules found, entering strict repository configuration mode!
2022-01-01 02:23:23.997 [main] INFO  o.s.d.r.config.RepositoryConfigurationDelegate - Bootstrapping Spring Data Redis repositories in DEFAULT mode.
2022-01-01 02:23:24.011 [main] INFO  o.s.d.r.config.RepositoryConfigurationDelegate - Finished Spring Data repository scanning in 4 ms. Found 0 Redis repository interfaces.
2022-01-01 02:23:24.513 [main] INFO  o.s.boot.web.embedded.tomcat.TomcatWebServer - Tomcat initialized with port(s): 10086 (http)
2022-01-01 02:23:24.520 [main] INFO  org.apache.coyote.http11.Http11NioProtocol - Initializing ProtocolHandler ["http-nio-10086"]
2022-01-01 02:23:24.521 [main] INFO  org.apache.catalina.core.StandardService - Starting service [Tomcat]
2022-01-01 02:23:24.521 [main] INFO  org.apache.catalina.core.StandardEngine - Starting Servlet engine: [Apache Tomcat/9.0.54]
2022-01-01 02:23:24.583 [main] INFO  o.a.c.c.C.[Tomcat].[localhost].[/smart-campus] - Initializing Spring embedded WebApplicationContext
2022-01-01 02:23:24.583 [main] INFO  o.s.b.w.s.c.ServletWebServerApplicationContext - Root WebApplicationContext: initialization completed in 1052 ms
2022-01-01 02:23:25.271 [main] INFO  org.apache.coyote.http11.Http11NioProtocol - Starting ProtocolHandler ["http-nio-10086"]
2022-01-01 02:23:25.281 [main] INFO  o.s.boot.web.embedded.tomcat.TomcatWebServer - Tomcat started on port(s): 10086 (http) with context path '/smart-campus'
2022-01-01 02:23:25.377 [main] INFO  com.codesniper.smartcampus.SmartCampusApplication - Started SmartCampusApplication in 2.231 seconds (JVM running for 3.886)
2022-01-01 02:23:29.181 [http-nio-10086-exec-1] INFO  o.a.c.c.C.[Tomcat].[localhost].[/smart-campus] - Initializing Spring DispatcherServlet 'dispatcherServlet'
2022-01-01 02:23:29.181 [http-nio-10086-exec-1] INFO  org.springframework.web.servlet.DispatcherServlet - Initializing Servlet 'dispatcherServlet'
2022-01-01 02:23:29.182 [http-nio-10086-exec-1] INFO  org.springframework.web.servlet.DispatcherServlet - Completed initialization in 1 ms
2022-01-01 02:23:29.207 [http-nio-10086-exec-1] INFO  com.zaxxer.hikari.HikariDataSource - DataHikarCP - Starting...
2022-01-01 02:23:29.656 [http-nio-10086-exec-1] INFO  com.zaxxer.hikari.HikariDataSource - DataHikarCP - Start completed.
2022-01-01 02:31:01.036 [SpringApplicationShutdownHook] INFO  com.zaxxer.hikari.HikariDataSource - DataHikarCP - Shutdown initiated...
2022-01-01 02:31:01.039 [SpringApplicationShutdownHook] INFO  com.zaxxer.hikari.HikariDataSource - DataHikarCP - Shutdown completed.
2022-01-01 02:31:04.537 [main] INFO  com.codesniper.smartcampus.SmartCampusApplication - Starting SmartCampusApplication using Java 1.8.0_282 on gongxiwus-Macbook-Pro.local with PID 73070 (/usr/local/Code/smart-campus/target/classes started by gongxiwu in /usr/local/Code/smart-campus)
2022-01-01 02:31:04.539 [main] INFO  com.codesniper.smartcampus.SmartCampusApplication - No active profile set, falling back to default profiles: default
2022-01-01 02:31:04.895 [main] INFO  o.s.d.r.config.RepositoryConfigurationDelegate - Multiple Spring Data modules found, entering strict repository configuration mode!
2022-01-01 02:31:04.896 [main] INFO  o.s.d.r.config.RepositoryConfigurationDelegate - Bootstrapping Spring Data Redis repositories in DEFAULT mode.
2022-01-01 02:31:04.906 [main] INFO  o.s.d.r.config.RepositoryConfigurationDelegate - Finished Spring Data repository scanning in 2 ms. Found 0 Redis repository interfaces.
2022-01-01 02:31:05.136 [main] INFO  o.s.boot.web.embedded.tomcat.TomcatWebServer - Tomcat initialized with port(s): 10086 (http)
2022-01-01 02:31:05.140 [main] INFO  org.apache.coyote.http11.Http11NioProtocol - Initializing ProtocolHandler ["http-nio-10086"]
2022-01-01 02:31:05.141 [main] INFO  org.apache.catalina.core.StandardService - Starting service [Tomcat]
2022-01-01 02:31:05.141 [main] INFO  org.apache.catalina.core.StandardEngine - Starting Servlet engine: [Apache Tomcat/9.0.54]
2022-01-01 02:31:05.174 [main] INFO  o.a.c.c.C.[Tomcat].[localhost].[/smart-campus] - Initializing Spring embedded WebApplicationContext
2022-01-01 02:31:05.174 [main] INFO  o.s.b.w.s.c.ServletWebServerApplicationContext - Root WebApplicationContext: initialization completed in 616 ms
2022-01-01 02:31:05.691 [main] INFO  org.apache.coyote.http11.Http11NioProtocol - Starting ProtocolHandler ["http-nio-10086"]
2022-01-01 02:31:05.700 [main] INFO  o.s.boot.web.embedded.tomcat.TomcatWebServer - Tomcat started on port(s): 10086 (http) with context path '/smart-campus'
2022-01-01 02:31:05.763 [main] INFO  com.codesniper.smartcampus.SmartCampusApplication - Started SmartCampusApplication in 1.453 seconds (JVM running for 1.748)
2022-01-01 02:31:12.953 [http-nio-10086-exec-1] INFO  o.a.c.c.C.[Tomcat].[localhost].[/smart-campus] - Initializing Spring DispatcherServlet 'dispatcherServlet'
2022-01-01 02:31:12.954 [http-nio-10086-exec-1] INFO  org.springframework.web.servlet.DispatcherServlet - Initializing Servlet 'dispatcherServlet'
2022-01-01 02:31:12.955 [http-nio-10086-exec-1] INFO  org.springframework.web.servlet.DispatcherServlet - Completed initialization in 1 ms
2022-01-01 02:31:16.979 [http-nio-10086-exec-5] INFO  com.zaxxer.hikari.HikariDataSource - DataHikarCP - Starting...
2022-01-01 02:31:17.678 [http-nio-10086-exec-5] INFO  com.zaxxer.hikari.HikariDataSource - DataHikarCP - Start completed.
2022-01-01 02:33:13.992 [SpringApplicationShutdownHook] INFO  com.zaxxer.hikari.HikariDataSource - DataHikarCP - Shutdown initiated...
2022-01-01 02:33:13.995 [SpringApplicationShutdownHook] INFO  com.zaxxer.hikari.HikariDataSource - DataHikarCP - Shutdown completed.
2022-01-01 02:33:15.665 [main] INFO  com.codesniper.smartcampus.SmartCampusApplication - Starting SmartCampusApplication using Java 1.8.0_282 on gongxiwus-Macbook-Pro.local with PID 73099 (/usr/local/Code/smart-campus/target/classes started by gongxiwu in /usr/local/Code/smart-campus)
2022-01-01 02:33:15.667 [main] INFO  com.codesniper.smartcampus.SmartCampusApplication - No active profile set, falling back to default profiles: default
2022-01-01 02:33:16.004 [main] INFO  o.s.d.r.config.RepositoryConfigurationDelegate - Multiple Spring Data modules found, entering strict repository configuration mode!
2022-01-01 02:33:16.005 [main] INFO  o.s.d.r.config.RepositoryConfigurationDelegate - Bootstrapping Spring Data Redis repositories in DEFAULT mode.
2022-01-01 02:33:16.015 [main] INFO  o.s.d.r.config.RepositoryConfigurationDelegate - Finished Spring Data repository scanning in 2 ms. Found 0 Redis repository interfaces.
2022-01-01 02:33:16.233 [main] INFO  o.s.boot.web.embedded.tomcat.TomcatWebServer - Tomcat initialized with port(s): 10086 (http)
2022-01-01 02:33:16.237 [main] INFO  org.apache.coyote.http11.Http11NioProtocol - Initializing ProtocolHandler ["http-nio-10086"]
2022-01-01 02:33:16.237 [main] INFO  org.apache.catalina.core.StandardService - Starting service [Tomcat]
2022-01-01 02:33:16.237 [main] INFO  org.apache.catalina.core.StandardEngine - Starting Servlet engine: [Apache Tomcat/9.0.54]
2022-01-01 02:33:16.269 [main] INFO  o.a.c.c.C.[Tomcat].[localhost].[/smart-campus] - Initializing Spring embedded WebApplicationContext
2022-01-01 02:33:16.269 [main] INFO  o.s.b.w.s.c.ServletWebServerApplicationContext - Root WebApplicationContext: initialization completed in 585 ms
2022-01-01 02:33:16.770 [main] INFO  org.apache.coyote.http11.Http11NioProtocol - Starting ProtocolHandler ["http-nio-10086"]
2022-01-01 02:33:16.779 [main] INFO  o.s.boot.web.embedded.tomcat.TomcatWebServer - Tomcat started on port(s): 10086 (http) with context path '/smart-campus'
2022-01-01 02:33:16.841 [main] INFO  com.codesniper.smartcampus.SmartCampusApplication - Started SmartCampusApplication in 1.399 seconds (JVM running for 1.699)
2022-01-01 02:33:21.546 [http-nio-10086-exec-1] INFO  o.a.c.c.C.[Tomcat].[localhost].[/smart-campus] - Initializing Spring DispatcherServlet 'dispatcherServlet'
2022-01-01 02:33:21.547 [http-nio-10086-exec-1] INFO  org.springframework.web.servlet.DispatcherServlet - Initializing Servlet 'dispatcherServlet'
2022-01-01 02:33:21.548 [http-nio-10086-exec-1] INFO  org.springframework.web.servlet.DispatcherServlet - Completed initialization in 1 ms
2022-01-01 02:33:24.746 [http-nio-10086-exec-5] INFO  com.zaxxer.hikari.HikariDataSource - DataHikarCP - Starting...
2022-01-01 02:33:25.226 [http-nio-10086-exec-5] INFO  com.zaxxer.hikari.HikariDataSource - DataHikarCP - Start completed.
2022-01-01 02:35:38.378 [SpringApplicationShutdownHook] INFO  com.zaxxer.hikari.HikariDataSource - DataHikarCP - Shutdown initiated...
2022-01-01 02:35:38.381 [SpringApplicationShutdownHook] INFO  com.zaxxer.hikari.HikariDataSource - DataHikarCP - Shutdown completed.
2022-01-01 02:35:39.716 [main] INFO  com.codesniper.smartcampus.SmartCampusApplication - Starting SmartCampusApplication using Java 1.8.0_282 on gongxiwus-Macbook-Pro.local with PID 73129 (/usr/local/Code/smart-campus/target/classes started by gongxiwu in /usr/local/Code/smart-campus)
2022-01-01 02:35:39.718 [main] INFO  com.codesniper.smartcampus.SmartCampusApplication - No active profile set, falling back to default profiles: default
2022-01-01 02:35:40.063 [main] INFO  o.s.d.r.config.RepositoryConfigurationDelegate - Multiple Spring Data modules found, entering strict repository configuration mode!
2022-01-01 02:35:40.064 [main] INFO  o.s.d.r.config.RepositoryConfigurationDelegate - Bootstrapping Spring Data Redis repositories in DEFAULT mode.
2022-01-01 02:35:40.073 [main] INFO  o.s.d.r.config.RepositoryConfigurationDelegate - Finished Spring Data repository scanning in 2 ms. Found 0 Redis repository interfaces.
2022-01-01 02:35:40.294 [main] INFO  o.s.boot.web.embedded.tomcat.TomcatWebServer - Tomcat initialized with port(s): 10086 (http)
2022-01-01 02:35:40.298 [main] INFO  org.apache.coyote.http11.Http11NioProtocol - Initializing ProtocolHandler ["http-nio-10086"]
2022-01-01 02:35:40.298 [main] INFO  org.apache.catalina.core.StandardService - Starting service [Tomcat]
2022-01-01 02:35:40.298 [main] INFO  org.apache.catalina.core.StandardEngine - Starting Servlet engine: [Apache Tomcat/9.0.54]
2022-01-01 02:35:40.330 [main] INFO  o.a.c.c.C.[Tomcat].[localhost].[/smart-campus] - Initializing Spring embedded WebApplicationContext
2022-01-01 02:35:40.330 [main] INFO  o.s.b.w.s.c.ServletWebServerApplicationContext - Root WebApplicationContext: initialization completed in 594 ms
2022-01-01 02:35:40.829 [main] INFO  org.apache.coyote.http11.Http11NioProtocol - Starting ProtocolHandler ["http-nio-10086"]
2022-01-01 02:35:40.838 [main] INFO  o.s.boot.web.embedded.tomcat.TomcatWebServer - Tomcat started on port(s): 10086 (http) with context path '/smart-campus'
2022-01-01 02:35:40.908 [main] INFO  com.codesniper.smartcampus.SmartCampusApplication - Started SmartCampusApplication in 1.416 seconds (JVM running for 1.691)
2022-01-01 02:35:58.777 [http-nio-10086-exec-1] INFO  o.a.c.c.C.[Tomcat].[localhost].[/smart-campus] - Initializing Spring DispatcherServlet 'dispatcherServlet'
2022-01-01 02:35:58.778 [http-nio-10086-exec-1] INFO  org.springframework.web.servlet.DispatcherServlet - Initializing Servlet 'dispatcherServlet'
2022-01-01 02:35:58.779 [http-nio-10086-exec-1] INFO  org.springframework.web.servlet.DispatcherServlet - Completed initialization in 1 ms
2022-01-01 02:36:01.705 [http-nio-10086-exec-5] INFO  com.zaxxer.hikari.HikariDataSource - DataHikarCP - Starting...
2022-01-01 02:36:02.200 [http-nio-10086-exec-5] INFO  com.zaxxer.hikari.HikariDataSource - DataHikarCP - Start completed.
2022-01-01 02:36:17.347 [SpringApplicationShutdownHook] INFO  com.zaxxer.hikari.HikariDataSource - DataHikarCP - Shutdown initiated...
2022-01-01 02:36:17.352 [SpringApplicationShutdownHook] INFO  com.zaxxer.hikari.HikariDataSource - DataHikarCP - Shutdown completed.
2022-01-01 02:36:18.639 [main] INFO  com.codesniper.smartcampus.SmartCampusApplication - Starting SmartCampusApplication using Java 1.8.0_282 on gongxiwus-Macbook-Pro.local with PID 73139 (/usr/local/Code/smart-campus/target/classes started by gongxiwu in /usr/local/Code/smart-campus)
2022-01-01 02:36:18.640 [main] INFO  com.codesniper.smartcampus.SmartCampusApplication - No active profile set, falling back to default profiles: default
2022-01-01 02:36:18.977 [main] INFO  o.s.d.r.config.RepositoryConfigurationDelegate - Multiple Spring Data modules found, entering strict repository configuration mode!
2022-01-01 02:36:18.978 [main] INFO  o.s.d.r.config.RepositoryConfigurationDelegate - Bootstrapping Spring Data Redis repositories in DEFAULT mode.
2022-01-01 02:36:18.988 [main] INFO  o.s.d.r.config.RepositoryConfigurationDelegate - Finished Spring Data repository scanning in 2 ms. Found 0 Redis repository interfaces.
2022-01-01 02:36:19.206 [main] INFO  o.s.boot.web.embedded.tomcat.TomcatWebServer - Tomcat initialized with port(s): 10086 (http)
2022-01-01 02:36:19.210 [main] INFO  org.apache.coyote.http11.Http11NioProtocol - Initializing ProtocolHandler ["http-nio-10086"]
2022-01-01 02:36:19.210 [main] INFO  org.apache.catalina.core.StandardService - Starting service [Tomcat]
2022-01-01 02:36:19.210 [main] INFO  org.apache.catalina.core.StandardEngine - Starting Servlet engine: [Apache Tomcat/9.0.54]
2022-01-01 02:36:19.242 [main] INFO  o.a.c.c.C.[Tomcat].[localhost].[/smart-campus] - Initializing Spring embedded WebApplicationContext
2022-01-01 02:36:19.242 [main] INFO  o.s.b.w.s.c.ServletWebServerApplicationContext - Root WebApplicationContext: initialization completed in 584 ms
2022-01-01 02:36:19.740 [main] INFO  org.apache.coyote.http11.Http11NioProtocol - Starting ProtocolHandler ["http-nio-10086"]
2022-01-01 02:36:19.748 [main] INFO  o.s.boot.web.embedded.tomcat.TomcatWebServer - Tomcat started on port(s): 10086 (http) with context path '/smart-campus'
2022-01-01 02:36:19.812 [main] INFO  com.codesniper.smartcampus.SmartCampusApplication - Started SmartCampusApplication in 1.391 seconds (JVM running for 1.684)
2022-01-01 02:36:22.704 [http-nio-10086-exec-1] INFO  o.a.c.c.C.[Tomcat].[localhost].[/smart-campus] - Initializing Spring DispatcherServlet 'dispatcherServlet'
2022-01-01 02:36:22.704 [http-nio-10086-exec-1] INFO  org.springframework.web.servlet.DispatcherServlet - Initializing Servlet 'dispatcherServlet'
2022-01-01 02:36:22.705 [http-nio-10086-exec-1] INFO  org.springframework.web.servlet.DispatcherServlet - Completed initialization in 1 ms
2022-01-01 02:36:25.886 [http-nio-10086-exec-5] INFO  com.zaxxer.hikari.HikariDataSource - DataHikarCP - Starting...
2022-01-01 02:36:26.395 [http-nio-10086-exec-5] INFO  com.zaxxer.hikari.HikariDataSource - DataHikarCP - Start completed.
2022-01-01 02:37:42.286 [SpringApplicationShutdownHook] INFO  com.zaxxer.hikari.HikariDataSource - DataHikarCP - Shutdown initiated...
2022-01-01 02:37:42.289 [SpringApplicationShutdownHook] INFO  com.zaxxer.hikari.HikariDataSource - DataHikarCP - Shutdown completed.
2022-01-01 02:37:43.696 [main] INFO  com.codesniper.smartcampus.SmartCampusApplication - Starting SmartCampusApplication using Java 1.8.0_282 on gongxiwus-Macbook-Pro.local with PID 73155 (/usr/local/Code/smart-campus/target/classes started by gongxiwu in /usr/local/Code/smart-campus)
2022-01-01 02:37:43.697 [main] INFO  com.codesniper.smartcampus.SmartCampusApplication - No active profile set, falling back to default profiles: default
2022-01-01 02:37:44.034 [main] INFO  o.s.d.r.config.RepositoryConfigurationDelegate - Multiple Spring Data modules found, entering strict repository configuration mode!
2022-01-01 02:37:44.035 [main] INFO  o.s.d.r.config.RepositoryConfigurationDelegate - Bootstrapping Spring Data Redis repositories in DEFAULT mode.
2022-01-01 02:37:44.044 [main] INFO  o.s.d.r.config.RepositoryConfigurationDelegate - Finished Spring Data repository scanning in 2 ms. Found 0 Redis repository interfaces.
2022-01-01 02:37:44.261 [main] INFO  o.s.boot.web.embedded.tomcat.TomcatWebServer - Tomcat initialized with port(s): 10086 (http)
2022-01-01 02:37:44.265 [main] INFO  org.apache.coyote.http11.Http11NioProtocol - Initializing ProtocolHandler ["http-nio-10086"]
2022-01-01 02:37:44.265 [main] INFO  org.apache.catalina.core.StandardService - Starting service [Tomcat]
2022-01-01 02:37:44.265 [main] INFO  org.apache.catalina.core.StandardEngine - Starting Servlet engine: [Apache Tomcat/9.0.54]
2022-01-01 02:37:44.297 [main] INFO  o.a.c.c.C.[Tomcat].[localhost].[/smart-campus] - Initializing Spring embedded WebApplicationContext
2022-01-01 02:37:44.297 [main] INFO  o.s.b.w.s.c.ServletWebServerApplicationContext - Root WebApplicationContext: initialization completed in 582 ms
2022-01-01 02:37:44.795 [main] INFO  org.apache.coyote.http11.Http11NioProtocol - Starting ProtocolHandler ["http-nio-10086"]
2022-01-01 02:37:44.803 [main] INFO  o.s.boot.web.embedded.tomcat.TomcatWebServer - Tomcat started on port(s): 10086 (http) with context path '/smart-campus'
2022-01-01 02:37:44.867 [main] INFO  com.codesniper.smartcampus.SmartCampusApplication - Started SmartCampusApplication in 1.396 seconds (JVM running for 1.748)
2022-01-01 02:37:56.520 [http-nio-10086-exec-1] INFO  o.a.c.c.C.[Tomcat].[localhost].[/smart-campus] - Initializing Spring DispatcherServlet 'dispatcherServlet'
2022-01-01 02:37:56.521 [http-nio-10086-exec-1] INFO  org.springframework.web.servlet.DispatcherServlet - Initializing Servlet 'dispatcherServlet'
2022-01-01 02:37:56.522 [http-nio-10086-exec-1] INFO  org.springframework.web.servlet.DispatcherServlet - Completed initialization in 1 ms
2022-01-01 02:38:03.091 [http-nio-10086-exec-5] INFO  com.zaxxer.hikari.HikariDataSource - DataHikarCP - Starting...
2022-01-01 02:38:03.645 [http-nio-10086-exec-5] INFO  com.zaxxer.hikari.HikariDataSource - DataHikarCP - Start completed.
2022-01-01 02:38:31.136 [SpringApplicationShutdownHook] INFO  com.zaxxer.hikari.HikariDataSource - DataHikarCP - Shutdown initiated...
2022-01-01 02:38:31.139 [SpringApplicationShutdownHook] INFO  com.zaxxer.hikari.HikariDataSource - DataHikarCP - Shutdown completed.
2022-01-01 02:38:32.474 [main] INFO  com.codesniper.smartcampus.SmartCampusApplication - Starting SmartCampusApplication using Java 1.8.0_282 on gongxiwus-Macbook-Pro.local with PID 73167 (/usr/local/Code/smart-campus/target/classes started by gongxiwu in /usr/local/Code/smart-campus)
2022-01-01 02:38:32.475 [main] INFO  com.codesniper.smartcampus.SmartCampusApplication - No active profile set, falling back to default profiles: default
2022-01-01 02:38:32.818 [main] INFO  o.s.d.r.config.RepositoryConfigurationDelegate - Multiple Spring Data modules found, entering strict repository configuration mode!
2022-01-01 02:38:32.819 [main] INFO  o.s.d.r.config.RepositoryConfigurationDelegate - Bootstrapping Spring Data Redis repositories in DEFAULT mode.
2022-01-01 02:38:32.828 [main] INFO  o.s.d.r.config.RepositoryConfigurationDelegate - Finished Spring Data repository scanning in 2 ms. Found 0 Redis repository interfaces.
2022-01-01 02:38:33.045 [main] INFO  o.s.boot.web.embedded.tomcat.TomcatWebServer - Tomcat initialized with port(s): 10086 (http)
2022-01-01 02:38:33.049 [main] INFO  org.apache.coyote.http11.Http11NioProtocol - Initializing ProtocolHandler ["http-nio-10086"]
2022-01-01 02:38:33.049 [main] INFO  org.apache.catalina.core.StandardService - Starting service [Tomcat]
2022-01-01 02:38:33.049 [main] INFO  org.apache.catalina.core.StandardEngine - Starting Servlet engine: [Apache Tomcat/9.0.54]
2022-01-01 02:38:33.081 [main] INFO  o.a.c.c.C.[Tomcat].[localhost].[/smart-campus] - Initializing Spring embedded WebApplicationContext
2022-01-01 02:38:33.081 [main] INFO  o.s.b.w.s.c.ServletWebServerApplicationContext - Root WebApplicationContext: initialization completed in 588 ms
2022-01-01 02:38:33.580 [main] INFO  org.apache.coyote.http11.Http11NioProtocol - Starting ProtocolHandler ["http-nio-10086"]
2022-01-01 02:38:33.589 [main] INFO  o.s.boot.web.embedded.tomcat.TomcatWebServer - Tomcat started on port(s): 10086 (http) with context path '/smart-campus'
2022-01-01 02:38:33.652 [main] INFO  com.codesniper.smartcampus.SmartCampusApplication - Started SmartCampusApplication in 1.402 seconds (JVM running for 1.719)
2022-01-01 02:38:37.673 [http-nio-10086-exec-1] INFO  o.a.c.c.C.[Tomcat].[localhost].[/smart-campus] - Initializing Spring DispatcherServlet 'dispatcherServlet'
2022-01-01 02:38:37.673 [http-nio-10086-exec-1] INFO  org.springframework.web.servlet.DispatcherServlet - Initializing Servlet 'dispatcherServlet'
2022-01-01 02:38:37.674 [http-nio-10086-exec-1] INFO  org.springframework.web.servlet.DispatcherServlet - Completed initialization in 1 ms
2022-01-01 02:38:40.237 [http-nio-10086-exec-5] INFO  com.zaxxer.hikari.HikariDataSource - DataHikarCP - Starting...
2022-01-01 02:38:40.764 [http-nio-10086-exec-5] INFO  com.zaxxer.hikari.HikariDataSource - DataHikarCP - Start completed.
2022-01-01 02:40:00.674 [SpringApplicationShutdownHook] INFO  com.zaxxer.hikari.HikariDataSource - DataHikarCP - Shutdown initiated...
2022-01-01 02:40:00.678 [SpringApplicationShutdownHook] INFO  com.zaxxer.hikari.HikariDataSource - DataHikarCP - Shutdown completed.
2022-01-01 02:40:02.029 [main] INFO  com.codesniper.smartcampus.SmartCampusApplication - Starting SmartCampusApplication using Java 1.8.0_282 on gongxiwus-Macbook-Pro.local with PID 73186 (/usr/local/Code/smart-campus/target/classes started by gongxiwu in /usr/local/Code/smart-campus)
2022-01-01 02:40:02.030 [main] INFO  com.codesniper.smartcampus.SmartCampusApplication - No active profile set, falling back to default profiles: default
2022-01-01 02:40:02.376 [main] INFO  o.s.d.r.config.RepositoryConfigurationDelegate - Multiple Spring Data modules found, entering strict repository configuration mode!
2022-01-01 02:40:02.377 [main] INFO  o.s.d.r.config.RepositoryConfigurationDelegate - Bootstrapping Spring Data Redis repositories in DEFAULT mode.
2022-01-01 02:40:02.386 [main] INFO  o.s.d.r.config.RepositoryConfigurationDelegate - Finished Spring Data repository scanning in 2 ms. Found 0 Redis repository interfaces.
2022-01-01 02:40:02.603 [main] INFO  o.s.boot.web.embedded.tomcat.TomcatWebServer - Tomcat initialized with port(s): 10086 (http)
2022-01-01 02:40:02.607 [main] INFO  org.apache.coyote.http11.Http11NioProtocol - Initializing ProtocolHandler ["http-nio-10086"]
2022-01-01 02:40:02.607 [main] INFO  org.apache.catalina.core.StandardService - Starting service [Tomcat]
2022-01-01 02:40:02.607 [main] INFO  org.apache.catalina.core.StandardEngine - Starting Servlet engine: [Apache Tomcat/9.0.54]
2022-01-01 02:40:02.639 [main] INFO  o.a.c.c.C.[Tomcat].[localhost].[/smart-campus] - Initializing Spring embedded WebApplicationContext
2022-01-01 02:40:02.640 [main] INFO  o.s.b.w.s.c.ServletWebServerApplicationContext - Root WebApplicationContext: initialization completed in 593 ms
2022-01-01 02:40:03.144 [main] INFO  org.apache.coyote.http11.Http11NioProtocol - Starting ProtocolHandler ["http-nio-10086"]
2022-01-01 02:40:03.153 [main] INFO  o.s.boot.web.embedded.tomcat.TomcatWebServer - Tomcat started on port(s): 10086 (http) with context path '/smart-campus'
2022-01-01 02:40:03.215 [main] INFO  com.codesniper.smartcampus.SmartCampusApplication - Started SmartCampusApplication in 1.41 seconds (JVM running for 1.723)
2022-01-01 02:40:11.749 [http-nio-10086-exec-1] INFO  o.a.c.c.C.[Tomcat].[localhost].[/smart-campus] - Initializing Spring DispatcherServlet 'dispatcherServlet'
2022-01-01 02:40:11.749 [http-nio-10086-exec-1] INFO  org.springframework.web.servlet.DispatcherServlet - Initializing Servlet 'dispatcherServlet'
2022-01-01 02:40:11.751 [http-nio-10086-exec-1] INFO  org.springframework.web.servlet.DispatcherServlet - Completed initialization in 2 ms
2022-01-01 02:40:26.226 [http-nio-10086-exec-9] INFO  com.zaxxer.hikari.HikariDataSource - DataHikarCP - Starting...
2022-01-01 02:40:26.770 [http-nio-10086-exec-9] INFO  com.zaxxer.hikari.HikariDataSource - DataHikarCP - Start completed.
2022-01-01 02:41:11.108 [SpringApplicationShutdownHook] INFO  com.zaxxer.hikari.HikariDataSource - DataHikarCP - Shutdown initiated...
2022-01-01 02:41:11.112 [SpringApplicationShutdownHook] INFO  com.zaxxer.hikari.HikariDataSource - DataHikarCP - Shutdown completed.
2022-01-01 02:41:13.197 [main] INFO  com.codesniper.smartcampus.SmartCampusApplication - Starting SmartCampusApplication using Java 1.8.0_282 on gongxiwus-Macbook-Pro.local with PID 73215 (/usr/local/Code/smart-campus/target/classes started by gongxiwu in /usr/local/Code/smart-campus)
2022-01-01 02:41:13.198 [main] INFO  com.codesniper.smartcampus.SmartCampusApplication - No active profile set, falling back to default profiles: default
2022-01-01 02:41:13.557 [main] INFO  o.s.d.r.config.RepositoryConfigurationDelegate - Multiple Spring Data modules found, entering strict repository configuration mode!
2022-01-01 02:41:13.558 [main] INFO  o.s.d.r.config.RepositoryConfigurationDelegate - Bootstrapping Spring Data Redis repositories in DEFAULT mode.
2022-01-01 02:41:13.567 [main] INFO  o.s.d.r.config.RepositoryConfigurationDelegate - Finished Spring Data repository scanning in 2 ms. Found 0 Redis repository interfaces.
2022-01-01 02:41:13.796 [main] INFO  o.s.boot.web.embedded.tomcat.TomcatWebServer - Tomcat initialized with port(s): 10086 (http)
2022-01-01 02:41:13.799 [main] INFO  org.apache.coyote.http11.Http11NioProtocol - Initializing ProtocolHandler ["http-nio-10086"]
2022-01-01 02:41:13.800 [main] INFO  org.apache.catalina.core.StandardService - Starting service [Tomcat]
2022-01-01 02:41:13.800 [main] INFO  org.apache.catalina.core.StandardEngine - Starting Servlet engine: [Apache Tomcat/9.0.54]
2022-01-01 02:41:13.830 [main] INFO  o.a.c.c.C.[Tomcat].[localhost].[/smart-campus] - Initializing Spring embedded WebApplicationContext
2022-01-01 02:41:13.830 [main] INFO  o.s.b.w.s.c.ServletWebServerApplicationContext - Root WebApplicationContext: initialization completed in 614 ms
2022-01-01 02:41:14.320 [main] INFO  org.apache.coyote.http11.Http11NioProtocol - Starting ProtocolHandler ["http-nio-10086"]
2022-01-01 02:41:14.330 [main] INFO  o.s.boot.web.embedded.tomcat.TomcatWebServer - Tomcat started on port(s): 10086 (http) with context path '/smart-campus'
2022-01-01 02:41:14.394 [main] INFO  com.codesniper.smartcampus.SmartCampusApplication - Started SmartCampusApplication in 1.458 seconds (JVM running for 1.786)
2022-01-01 02:41:17.792 [http-nio-10086-exec-1] INFO  o.a.c.c.C.[Tomcat].[localhost].[/smart-campus] - Initializing Spring DispatcherServlet 'dispatcherServlet'
2022-01-01 02:41:17.792 [http-nio-10086-exec-1] INFO  org.springframework.web.servlet.DispatcherServlet - Initializing Servlet 'dispatcherServlet'
2022-01-01 02:41:17.793 [http-nio-10086-exec-1] INFO  org.springframework.web.servlet.DispatcherServlet - Completed initialization in 1 ms
2022-01-01 02:41:21.952 [http-nio-10086-exec-5] INFO  c.codesniper.smartcampus.controller.TestController - hello,world
2022-01-01 02:41:21.982 [http-nio-10086-exec-5] INFO  com.zaxxer.hikari.HikariDataSource - DataHikarCP - Starting...
2022-01-01 02:41:22.470 [http-nio-10086-exec-5] INFO  com.zaxxer.hikari.HikariDataSource - DataHikarCP - Start completed.
2022-01-01 02:41:39.765 [SpringApplicationShutdownHook] INFO  com.zaxxer.hikari.HikariDataSource - DataHikarCP - Shutdown initiated...
2022-01-01 02:41:39.770 [SpringApplicationShutdownHook] INFO  com.zaxxer.hikari.HikariDataSource - DataHikarCP - Shutdown completed.
2022-01-01 02:41:41.783 [main] INFO  com.codesniper.smartcampus.SmartCampusApplication - Starting SmartCampusApplication using Java 1.8.0_282 on gongxiwus-Macbook-Pro.local with PID 73224 (/usr/local/Code/smart-campus/target/classes started by gongxiwu in /usr/local/Code/smart-campus)
2022-01-01 02:41:41.784 [main] INFO  com.codesniper.smartcampus.SmartCampusApplication - No active profile set, falling back to default profiles: default
2022-01-01 02:41:42.120 [main] INFO  o.s.d.r.config.RepositoryConfigurationDelegate - Multiple Spring Data modules found, entering strict repository configuration mode!
2022-01-01 02:41:42.121 [main] INFO  o.s.d.r.config.RepositoryConfigurationDelegate - Bootstrapping Spring Data Redis repositories in DEFAULT mode.
2022-01-01 02:41:42.130 [main] INFO  o.s.d.r.config.RepositoryConfigurationDelegate - Finished Spring Data repository scanning in 2 ms. Found 0 Redis repository interfaces.
2022-01-01 02:41:42.350 [main] INFO  o.s.boot.web.embedded.tomcat.TomcatWebServer - Tomcat initialized with port(s): 10086 (http)
2022-01-01 02:41:42.353 [main] INFO  org.apache.coyote.http11.Http11NioProtocol - Initializing ProtocolHandler ["http-nio-10086"]
2022-01-01 02:41:42.354 [main] INFO  org.apache.catalina.core.StandardService - Starting service [Tomcat]
2022-01-01 02:41:42.354 [main] INFO  org.apache.catalina.core.StandardEngine - Starting Servlet engine: [Apache Tomcat/9.0.54]
2022-01-01 02:41:42.382 [main] INFO  o.a.c.c.C.[Tomcat].[localhost].[/smart-campus] - Initializing Spring embedded WebApplicationContext
2022-01-01 02:41:42.382 [main] INFO  o.s.b.w.s.c.ServletWebServerApplicationContext - Root WebApplicationContext: initialization completed in 581 ms
2022-01-01 02:41:42.880 [main] INFO  org.apache.coyote.http11.Http11NioProtocol - Starting ProtocolHandler ["http-nio-10086"]
2022-01-01 02:41:42.888 [main] INFO  o.s.boot.web.embedded.tomcat.TomcatWebServer - Tomcat started on port(s): 10086 (http) with context path '/smart-campus'
2022-01-01 02:41:42.951 [main] INFO  com.codesniper.smartcampus.SmartCampusApplication - Started SmartCampusApplication in 1.393 seconds (JVM running for 1.704)
2022-01-01 02:41:46.780 [http-nio-10086-exec-1] INFO  o.a.c.c.C.[Tomcat].[localhost].[/smart-campus] - Initializing Spring DispatcherServlet 'dispatcherServlet'
2022-01-01 02:41:46.780 [http-nio-10086-exec-1] INFO  org.springframework.web.servlet.DispatcherServlet - Initializing Servlet 'dispatcherServlet'
2022-01-01 02:41:46.781 [http-nio-10086-exec-1] INFO  org.springframework.web.servlet.DispatcherServlet - Completed initialization in 1 ms
2022-01-01 02:41:49.411 [http-nio-10086-exec-5] INFO  com.zaxxer.hikari.HikariDataSource - DataHikarCP - Starting...
2022-01-01 02:41:49.909 [http-nio-10086-exec-5] INFO  com.zaxxer.hikari.HikariDataSource - DataHikarCP - Start completed.
2022-01-01 02:42:29.643 [SpringApplicationShutdownHook] INFO  com.zaxxer.hikari.HikariDataSource - DataHikarCP - Shutdown initiated...
2022-01-01 02:42:29.647 [SpringApplicationShutdownHook] INFO  com.zaxxer.hikari.HikariDataSource - DataHikarCP - Shutdown completed.
2022-01-01 02:42:31.698 [main] INFO  com.codesniper.smartcampus.SmartCampusApplication - Starting SmartCampusApplication using Java 1.8.0_282 on gongxiwus-Macbook-Pro.local with PID 73237 (/usr/local/Code/smart-campus/target/classes started by gongxiwu in /usr/local/Code/smart-campus)
2022-01-01 02:42:31.699 [main] INFO  com.codesniper.smartcampus.SmartCampusApplication - No active profile set, falling back to default profiles: default
2022-01-01 02:42:32.043 [main] INFO  o.s.d.r.config.RepositoryConfigurationDelegate - Multiple Spring Data modules found, entering strict repository configuration mode!
2022-01-01 02:42:32.044 [main] INFO  o.s.d.r.config.RepositoryConfigurationDelegate - Bootstrapping Spring Data Redis repositories in DEFAULT mode.
2022-01-01 02:42:32.054 [main] INFO  o.s.d.r.config.RepositoryConfigurationDelegate - Finished Spring Data repository scanning in 2 ms. Found 0 Redis repository interfaces.
2022-01-01 02:42:32.271 [main] INFO  o.s.boot.web.embedded.tomcat.TomcatWebServer - Tomcat initialized with port(s): 10086 (http)
2022-01-01 02:42:32.275 [main] INFO  org.apache.coyote.http11.Http11NioProtocol - Initializing ProtocolHandler ["http-nio-10086"]
2022-01-01 02:42:32.275 [main] INFO  org.apache.catalina.core.StandardService - Starting service [Tomcat]
2022-01-01 02:42:32.275 [main] INFO  org.apache.catalina.core.StandardEngine - Starting Servlet engine: [Apache Tomcat/9.0.54]
2022-01-01 02:42:32.303 [main] INFO  o.a.c.c.C.[Tomcat].[localhost].[/smart-campus] - Initializing Spring embedded WebApplicationContext
2022-01-01 02:42:32.304 [main] INFO  o.s.b.w.s.c.ServletWebServerApplicationContext - Root WebApplicationContext: initialization completed in 587 ms
2022-01-01 02:42:32.801 [main] INFO  org.apache.coyote.http11.Http11NioProtocol - Starting ProtocolHandler ["http-nio-10086"]
2022-01-01 02:42:32.809 [main] INFO  o.s.boot.web.embedded.tomcat.TomcatWebServer - Tomcat started on port(s): 10086 (http) with context path '/smart-campus'
2022-01-01 02:42:32.873 [main] INFO  com.codesniper.smartcampus.SmartCampusApplication - Started SmartCampusApplication in 1.413 seconds (JVM running for 1.691)
2022-01-01 02:42:39.045 [http-nio-10086-exec-1] INFO  o.a.c.c.C.[Tomcat].[localhost].[/smart-campus] - Initializing Spring DispatcherServlet 'dispatcherServlet'
2022-01-01 02:42:39.046 [http-nio-10086-exec-1] INFO  org.springframework.web.servlet.DispatcherServlet - Initializing Servlet 'dispatcherServlet'
2022-01-01 02:42:39.047 [http-nio-10086-exec-1] INFO  org.springframework.web.servlet.DispatcherServlet - Completed initialization in 1 ms
2022-01-01 02:42:41.601 [http-nio-10086-exec-5] INFO  c.codesniper.smartcampus.controller.TestController - hello,world
2022-01-01 02:42:41.633 [http-nio-10086-exec-5] INFO  com.zaxxer.hikari.HikariDataSource - DataHikarCP - Starting...
2022-01-01 02:42:42.089 [http-nio-10086-exec-5] INFO  com.zaxxer.hikari.HikariDataSource - DataHikarCP - Start completed.
2022-01-01 02:45:23.797 [SpringApplicationShutdownHook] INFO  com.zaxxer.hikari.HikariDataSource - DataHikarCP - Shutdown initiated...
2022-01-01 02:45:23.800 [SpringApplicationShutdownHook] INFO  com.zaxxer.hikari.HikariDataSource - DataHikarCP - Shutdown completed.
2022-01-01 02:45:26.355 [main] INFO  com.codesniper.smartcampus.SmartCampusApplication - Starting SmartCampusApplication using Java 1.8.0_282 on gongxiwus-Macbook-Pro.local with PID 73273 (/usr/local/Code/smart-campus/target/classes started by gongxiwu in /usr/local/Code/smart-campus)
2022-01-01 02:45:26.357 [main] INFO  com.codesniper.smartcampus.SmartCampusApplication - No active profile set, falling back to default profiles: default
2022-01-01 02:45:26.875 [main] INFO  o.s.d.r.config.RepositoryConfigurationDelegate - Multiple Spring Data modules found, entering strict repository configuration mode!
2022-01-01 02:45:26.876 [main] INFO  o.s.d.r.config.RepositoryConfigurationDelegate - Bootstrapping Spring Data Redis repositories in DEFAULT mode.
2022-01-01 02:45:26.891 [main] INFO  o.s.d.r.config.RepositoryConfigurationDelegate - Finished Spring Data repository scanning in 4 ms. Found 0 Redis repository interfaces.
2022-01-01 02:45:27.399 [main] INFO  o.s.boot.web.embedded.tomcat.TomcatWebServer - Tomcat initialized with port(s): 10086 (http)
2022-01-01 02:45:27.406 [main] INFO  org.apache.coyote.http11.Http11NioProtocol - Initializing ProtocolHandler ["http-nio-10086"]
2022-01-01 02:45:27.406 [main] INFO  org.apache.catalina.core.StandardService - Starting service [Tomcat]
2022-01-01 02:45:27.407 [main] INFO  org.apache.catalina.core.StandardEngine - Starting Servlet engine: [Apache Tomcat/9.0.54]
2022-01-01 02:45:27.464 [main] INFO  o.a.c.c.C.[Tomcat].[localhost].[/smart-campus] - Initializing Spring embedded WebApplicationContext
2022-01-01 02:45:27.464 [main] INFO  o.s.b.w.s.c.ServletWebServerApplicationContext - Root WebApplicationContext: initialization completed in 1072 ms
2022-01-01 02:45:28.187 [main] INFO  org.apache.coyote.http11.Http11NioProtocol - Starting ProtocolHandler ["http-nio-10086"]
2022-01-01 02:45:28.198 [main] INFO  o.s.boot.web.embedded.tomcat.TomcatWebServer - Tomcat started on port(s): 10086 (http) with context path '/smart-campus'
2022-01-01 02:45:28.306 [main] INFO  com.codesniper.smartcampus.SmartCampusApplication - Started SmartCampusApplication in 2.366 seconds (JVM running for 4.042)
2022-01-01 02:45:42.053 [http-nio-10086-exec-1] INFO  o.a.c.c.C.[Tomcat].[localhost].[/smart-campus] - Initializing Spring DispatcherServlet 'dispatcherServlet'
2022-01-01 02:45:42.053 [http-nio-10086-exec-1] INFO  org.springframework.web.servlet.DispatcherServlet - Initializing Servlet 'dispatcherServlet'
2022-01-01 02:45:42.054 [http-nio-10086-exec-1] INFO  org.springframework.web.servlet.DispatcherServlet - Completed initialization in 1 ms
2022-01-01 02:45:44.784 [http-nio-10086-exec-5] INFO  c.codesniper.smartcampus.controller.TestController - hello,world
2022-01-01 02:45:44.832 [http-nio-10086-exec-5] INFO  com.zaxxer.hikari.HikariDataSource - DataHikarCP - Starting...
2022-01-01 02:45:45.308 [http-nio-10086-exec-5] INFO  com.zaxxer.hikari.HikariDataSource - DataHikarCP - Start completed.
2022-01-01 02:52:23.551 [SpringApplicationShutdownHook] INFO  com.zaxxer.hikari.HikariDataSource - DataHikarCP - Shutdown initiated...
2022-01-01 02:52:23.554 [SpringApplicationShutdownHook] INFO  com.zaxxer.hikari.HikariDataSource - DataHikarCP - Shutdown completed.
2022-01-01 02:52:28.375 [main] INFO  com.codesniper.smartcampus.SmartCampusApplication - Starting SmartCampusApplication using Java 1.8.0_282 on gongxiwus-Macbook-Pro.local with PID 73382 (/usr/local/Code/smart-campus/target/classes started by gongxiwu in /usr/local/Code/smart-campus)
2022-01-01 02:52:28.395 [main] INFO  com.codesniper.smartcampus.SmartCampusApplication - No active profile set, falling back to default profiles: default
2022-01-01 02:52:28.877 [main] INFO  o.s.d.r.config.RepositoryConfigurationDelegate - Multiple Spring Data modules found, entering strict repository configuration mode!
2022-01-01 02:52:28.878 [main] INFO  o.s.d.r.config.RepositoryConfigurationDelegate - Bootstrapping Spring Data Redis repositories in DEFAULT mode.
2022-01-01 02:52:28.891 [main] INFO  o.s.d.r.config.RepositoryConfigurationDelegate - Finished Spring Data repository scanning in 4 ms. Found 0 Redis repository interfaces.
2022-01-01 02:52:29.336 [main] INFO  o.s.boot.web.embedded.tomcat.TomcatWebServer - Tomcat initialized with port(s): 10086 (http)
2022-01-01 02:52:29.342 [main] INFO  org.apache.coyote.http11.Http11NioProtocol - Initializing ProtocolHandler ["http-nio-10086"]
2022-01-01 02:52:29.343 [main] INFO  org.apache.catalina.core.StandardService - Starting service [Tomcat]
2022-01-01 02:52:29.343 [main] INFO  org.apache.catalina.core.StandardEngine - Starting Servlet engine: [Apache Tomcat/9.0.54]
2022-01-01 02:52:29.394 [main] INFO  o.a.c.c.C.[Tomcat].[localhost].[/smart-campus] - Initializing Spring embedded WebApplicationContext
2022-01-01 02:52:29.394 [main] INFO  o.s.b.w.s.c.ServletWebServerApplicationContext - Root WebApplicationContext: initialization completed in 967 ms
2022-01-01 02:52:30.120 [main] INFO  org.apache.coyote.http11.Http11NioProtocol - Starting ProtocolHandler ["http-nio-10086"]
2022-01-01 02:52:30.130 [main] INFO  o.s.boot.web.embedded.tomcat.TomcatWebServer - Tomcat started on port(s): 10086 (http) with context path '/smart-campus'
2022-01-01 02:52:30.219 [main] INFO  com.codesniper.smartcampus.SmartCampusApplication - Started SmartCampusApplication in 2.273 seconds (JVM running for 3.934)
2022-01-01 02:55:17.698 [http-nio-10086-exec-1] INFO  o.a.c.c.C.[Tomcat].[localhost].[/smart-campus] - Initializing Spring DispatcherServlet 'dispatcherServlet'
2022-01-01 02:55:17.698 [http-nio-10086-exec-1] INFO  org.springframework.web.servlet.DispatcherServlet - Initializing Servlet 'dispatcherServlet'
2022-01-01 02:55:17.699 [http-nio-10086-exec-1] INFO  org.springframework.web.servlet.DispatcherServlet - Completed initialization in 1 ms
2022-01-01 02:55:22.347 [http-nio-10086-exec-5] INFO  c.codesniper.smartcampus.controller.TestController - hello,world
2022-01-01 02:55:22.414 [http-nio-10086-exec-5] INFO  com.zaxxer.hikari.HikariDataSource - DataHikarCP - Starting...
2022-01-01 02:55:22.931 [http-nio-10086-exec-5] INFO  com.zaxxer.hikari.HikariDataSource - DataHikarCP - Start completed.
2022-01-01 02:56:13.140 [main] INFO  com.codesniper.smartcampus.SmartCampusApplication - Starting SmartCampusApplication using Java 1.8.0_282 on gongxiwus-Macbook-Pro.local with PID 73444 (/usr/local/Code/smart-campus/target/classes started by gongxiwu in /usr/local/Code/smart-campus)
2022-01-01 02:56:13.142 [main] INFO  com.codesniper.smartcampus.SmartCampusApplication - No active profile set, falling back to default profiles: default
2022-01-01 02:56:13.604 [main] INFO  o.s.d.r.config.RepositoryConfigurationDelegate - Multiple Spring Data modules found, entering strict repository configuration mode!
2022-01-01 02:56:13.606 [main] INFO  o.s.d.r.config.RepositoryConfigurationDelegate - Bootstrapping Spring Data Redis repositories in DEFAULT mode.
2022-01-01 02:56:13.618 [main] INFO  o.s.d.r.config.RepositoryConfigurationDelegate - Finished Spring Data repository scanning in 3 ms. Found 0 Redis repository interfaces.
2022-01-01 02:56:14.102 [main] INFO  o.s.boot.web.embedded.tomcat.TomcatWebServer - Tomcat initialized with port(s): 10086 (http)
2022-01-01 02:56:14.109 [main] INFO  org.apache.coyote.http11.Http11NioProtocol - Initializing ProtocolHandler ["http-nio-10086"]
2022-01-01 02:56:14.110 [main] INFO  org.apache.catalina.core.StandardService - Starting service [Tomcat]
2022-01-01 02:56:14.110 [main] INFO  org.apache.catalina.core.StandardEngine - Starting Servlet engine: [Apache Tomcat/9.0.54]
2022-01-01 02:56:14.164 [main] INFO  o.a.c.c.C.[Tomcat].[localhost].[/smart-campus] - Initializing Spring embedded WebApplicationContext
2022-01-01 02:56:14.164 [main] INFO  o.s.b.w.s.c.ServletWebServerApplicationContext - Root WebApplicationContext: initialization completed in 988 ms
2022-01-01 02:56:14.928 [main] INFO  org.apache.coyote.http11.Http11NioProtocol - Starting ProtocolHandler ["http-nio-10086"]
2022-01-01 02:56:14.938 [main] INFO  o.s.boot.web.embedded.tomcat.TomcatWebServer - Tomcat started on port(s): 10086 (http) with context path '/smart-campus'
2022-01-01 02:56:15.042 [main] INFO  com.codesniper.smartcampus.SmartCampusApplication - Started SmartCampusApplication in 2.256 seconds (JVM running for 3.736)
2022-01-01 02:56:23.692 [http-nio-10086-exec-1] INFO  o.a.c.c.C.[Tomcat].[localhost].[/smart-campus] - Initializing Spring DispatcherServlet 'dispatcherServlet'
2022-01-01 02:56:23.692 [http-nio-10086-exec-1] INFO  org.springframework.web.servlet.DispatcherServlet - Initializing Servlet 'dispatcherServlet'
2022-01-01 02:56:23.694 [http-nio-10086-exec-1] INFO  org.springframework.web.servlet.DispatcherServlet - Completed initialization in 1 ms
2022-01-01 02:56:23.719 [http-nio-10086-exec-1] INFO  com.zaxxer.hikari.HikariDataSource - DataHikarCP - Starting...
2022-01-01 02:56:24.061 [http-nio-10086-exec-1] INFO  com.zaxxer.hikari.HikariDataSource - DataHikarCP - Start completed.
2022-01-01 02:56:59.585 [http-nio-10086-exec-1] INFO  o.s.d.r.config.RepositoryConfigurationDelegate - Bootstrapping Spring Data Redis repositories in DEFAULT mode.
2022-01-01 02:56:59.589 [http-nio-10086-exec-1] INFO  o.s.d.r.config.RepositoryConfigurationDelegate - Finished Spring Data repository scanning in 3 ms. Found 0 Redis repository interfaces.
2022-01-01 02:56:59.676 [http-nio-10086-exec-1] INFO  c.codesniper.smartcampus.controller.TestController - hello,world
2022-01-01 02:57:25.784 [SpringApplicationShutdownHook] INFO  com.zaxxer.hikari.HikariDataSource - DataHikarCP - Shutdown initiated...
2022-01-01 02:57:25.791 [SpringApplicationShutdownHook] INFO  com.zaxxer.hikari.HikariDataSource - DataHikarCP - Shutdown completed.
2022-01-01 02:57:28.406 [main] INFO  com.codesniper.smartcampus.SmartCampusApplication - Starting SmartCampusApplication using Java 1.8.0_282 on gongxiwus-Macbook-Pro.local with PID 73463 (/usr/local/Code/smart-campus/target/classes started by gongxiwu in /usr/local/Code/smart-campus)
2022-01-01 02:57:28.407 [main] INFO  com.codesniper.smartcampus.SmartCampusApplication - No active profile set, falling back to default profiles: default
2022-01-01 02:57:28.859 [main] INFO  o.s.d.r.config.RepositoryConfigurationDelegate - Multiple Spring Data modules found, entering strict repository configuration mode!
2022-01-01 02:57:28.861 [main] INFO  o.s.d.r.config.RepositoryConfigurationDelegate - Bootstrapping Spring Data Redis repositories in DEFAULT mode.
2022-01-01 02:57:28.873 [main] INFO  o.s.d.r.config.RepositoryConfigurationDelegate - Finished Spring Data repository scanning in 3 ms. Found 0 Redis repository interfaces.
2022-01-01 02:57:29.370 [main] INFO  o.s.boot.web.embedded.tomcat.TomcatWebServer - Tomcat initialized with port(s): 10086 (http)
2022-01-01 02:57:29.379 [main] INFO  org.apache.coyote.http11.Http11NioProtocol - Initializing ProtocolHandler ["http-nio-10086"]
2022-01-01 02:57:29.380 [main] INFO  org.apache.catalina.core.StandardService - Starting service [Tomcat]
2022-01-01 02:57:29.380 [main] INFO  org.apache.catalina.core.StandardEngine - Starting Servlet engine: [Apache Tomcat/9.0.54]
2022-01-01 02:57:29.435 [main] INFO  o.a.c.c.C.[Tomcat].[localhost].[/smart-campus] - Initializing Spring embedded WebApplicationContext
2022-01-01 02:57:29.435 [main] INFO  o.s.b.w.s.c.ServletWebServerApplicationContext - Root WebApplicationContext: initialization completed in 992 ms
2022-01-01 02:57:30.117 [main] INFO  org.apache.coyote.http11.Http11NioProtocol - Starting ProtocolHandler ["http-nio-10086"]
2022-01-01 02:57:30.127 [main] INFO  o.s.boot.web.embedded.tomcat.TomcatWebServer - Tomcat started on port(s): 10086 (http) with context path '/smart-campus'
2022-01-01 02:57:30.225 [main] INFO  com.codesniper.smartcampus.SmartCampusApplication - Started SmartCampusApplication in 2.167 seconds (JVM running for 3.693)
2022-01-01 03:00:54.628 [main] INFO  com.codesniper.smartcampus.SmartCampusApplication - Starting SmartCampusApplication using Java 1.8.0_282 on gongxiwus-Macbook-Pro.local with PID 73521 (/usr/local/Code/smart-campus/target/classes started by gongxiwu in /usr/local/Code/smart-campus)
2022-01-01 03:00:54.630 [main] INFO  com.codesniper.smartcampus.SmartCampusApplication - No active profile set, falling back to default profiles: default
2022-01-01 03:00:55.082 [main] INFO  o.s.d.r.config.RepositoryConfigurationDelegate - Multiple Spring Data modules found, entering strict repository configuration mode!
2022-01-01 03:00:55.083 [main] INFO  o.s.d.r.config.RepositoryConfigurationDelegate - Bootstrapping Spring Data Redis repositories in DEFAULT mode.
2022-01-01 03:00:55.096 [main] INFO  o.s.d.r.config.RepositoryConfigurationDelegate - Finished Spring Data repository scanning in 3 ms. Found 0 Redis repository interfaces.
2022-01-01 03:00:55.584 [main] INFO  o.s.boot.web.embedded.tomcat.TomcatWebServer - Tomcat initialized with port(s): 10086 (http)
2022-01-01 03:00:55.591 [main] INFO  org.apache.coyote.http11.Http11NioProtocol - Initializing ProtocolHandler ["http-nio-10086"]
2022-01-01 03:00:55.592 [main] INFO  org.apache.catalina.core.StandardService - Starting service [Tomcat]
2022-01-01 03:00:55.592 [main] INFO  org.apache.catalina.core.StandardEngine - Starting Servlet engine: [Apache Tomcat/9.0.54]
2022-01-01 03:00:55.650 [main] INFO  o.a.c.c.C.[Tomcat].[localhost].[/smart-campus] - Initializing Spring embedded WebApplicationContext
2022-01-01 03:00:55.650 [main] INFO  o.s.b.w.s.c.ServletWebServerApplicationContext - Root WebApplicationContext: initialization completed in 990 ms
2022-01-01 03:00:56.371 [main] INFO  org.apache.coyote.http11.Http11NioProtocol - Starting ProtocolHandler ["http-nio-10086"]
2022-01-01 03:00:56.381 [main] INFO  o.s.boot.web.embedded.tomcat.TomcatWebServer - Tomcat started on port(s): 10086 (http) with context path '/smart-campus'
2022-01-01 03:00:56.469 [main] INFO  com.codesniper.smartcampus.SmartCampusApplication - Started SmartCampusApplication in 2.187 seconds (JVM running for 3.674)
2022-01-01 03:01:09.294 [http-nio-10086-exec-1] INFO  o.a.c.c.C.[Tomcat].[localhost].[/smart-campus] - Initializing Spring DispatcherServlet 'dispatcherServlet'
2022-01-01 03:01:09.294 [http-nio-10086-exec-1] INFO  org.springframework.web.servlet.DispatcherServlet - Initializing Servlet 'dispatcherServlet'
2022-01-01 03:01:09.295 [http-nio-10086-exec-1] INFO  org.springframework.web.servlet.DispatcherServlet - Completed initialization in 1 ms
2022-01-01 03:01:15.529 [http-nio-10086-exec-5] INFO  c.codesniper.smartcampus.controller.TestController - hello,world
2022-01-01 03:01:15.590 [http-nio-10086-exec-5] INFO  com.zaxxer.hikari.HikariDataSource - DataHikarCP - Starting...
2022-01-01 03:01:16.104 [http-nio-10086-exec-5] INFO  com.zaxxer.hikari.HikariDataSource - DataHikarCP - Start completed.
2022-01-01 03:05:41.554 [SpringApplicationShutdownHook] INFO  com.zaxxer.hikari.HikariDataSource - DataHikarCP - Shutdown initiated...
2022-01-01 03:05:41.558 [SpringApplicationShutdownHook] INFO  com.zaxxer.hikari.HikariDataSource - DataHikarCP - Shutdown completed.
2022-01-01 03:05:44.278 [main] INFO  com.codesniper.smartcampus.SmartCampusApplication - Starting SmartCampusApplication using Java 1.8.0_282 on gongxiwus-Macbook-Pro.local with PID 73593 (/usr/local/Code/smart-campus/target/classes started by gongxiwu in /usr/local/Code/smart-campus)
2022-01-01 03:05:44.280 [main] INFO  com.codesniper.smartcampus.SmartCampusApplication - No active profile set, falling back to default profiles: default
2022-01-01 03:05:44.730 [main] INFO  o.s.d.r.config.RepositoryConfigurationDelegate - Multiple Spring Data modules found, entering strict repository configuration mode!
2022-01-01 03:05:44.731 [main] INFO  o.s.d.r.config.RepositoryConfigurationDelegate - Bootstrapping Spring Data Redis repositories in DEFAULT mode.
2022-01-01 03:05:44.743 [main] INFO  o.s.d.r.config.RepositoryConfigurationDelegate - Finished Spring Data repository scanning in 3 ms. Found 0 Redis repository interfaces.
2022-01-01 03:05:45.171 [main] INFO  o.s.boot.web.embedded.tomcat.TomcatWebServer - Tomcat initialized with port(s): 10086 (http)
2022-01-01 03:05:45.178 [main] INFO  org.apache.coyote.http11.Http11NioProtocol - Initializing ProtocolHandler ["http-nio-10086"]
2022-01-01 03:05:45.178 [main] INFO  org.apache.catalina.core.StandardService - Starting service [Tomcat]
2022-01-01 03:05:45.178 [main] INFO  org.apache.catalina.core.StandardEngine - Starting Servlet engine: [Apache Tomcat/9.0.54]
2022-01-01 03:05:45.231 [main] INFO  o.a.c.c.C.[Tomcat].[localhost].[/smart-campus] - Initializing Spring embedded WebApplicationContext
2022-01-01 03:05:45.231 [main] INFO  o.s.b.w.s.c.ServletWebServerApplicationContext - Root WebApplicationContext: initialization completed in 921 ms
2022-01-01 03:05:46.018 [main] INFO  org.apache.coyote.http11.Http11NioProtocol - Starting ProtocolHandler ["http-nio-10086"]
2022-01-01 03:05:46.028 [main] INFO  o.s.boot.web.embedded.tomcat.TomcatWebServer - Tomcat started on port(s): 10086 (http) with context path '/smart-campus'
2022-01-01 03:05:46.118 [main] INFO  com.codesniper.smartcampus.SmartCampusApplication - Started SmartCampusApplication in 2.194 seconds (JVM running for 3.657)
2022-01-01 03:05:53.314 [http-nio-10086-exec-1] INFO  o.a.c.c.C.[Tomcat].[localhost].[/smart-campus] - Initializing Spring DispatcherServlet 'dispatcherServlet'
2022-01-01 03:05:53.314 [http-nio-10086-exec-1] INFO  org.springframework.web.servlet.DispatcherServlet - Initializing Servlet 'dispatcherServlet'
2022-01-01 03:05:53.315 [http-nio-10086-exec-1] INFO  org.springframework.web.servlet.DispatcherServlet - Completed initialization in 1 ms
2022-01-01 03:05:58.309 [http-nio-10086-exec-5] INFO  c.codesniper.smartcampus.controller.TestController - hello,world
2022-01-01 03:05:58.349 [http-nio-10086-exec-5] INFO  com.zaxxer.hikari.HikariDataSource - DataHikarCP - Starting...
2022-01-01 03:05:58.768 [http-nio-10086-exec-5] INFO  com.zaxxer.hikari.HikariDataSource - DataHikarCP - Start completed.
2022-01-01 03:06:23.580 [SpringApplicationShutdownHook] INFO  com.zaxxer.hikari.HikariDataSource - DataHikarCP - Shutdown initiated...
2022-01-01 03:06:23.583 [SpringApplicationShutdownHook] INFO  com.zaxxer.hikari.HikariDataSource - DataHikarCP - Shutdown completed.
2022-01-01 03:06:26.297 [main] INFO  com.codesniper.smartcampus.SmartCampusApplication - Starting SmartCampusApplication using Java 1.8.0_282 on gongxiwus-Macbook-Pro.local with PID 73606 (/usr/local/Code/smart-campus/target/classes started by gongxiwu in /usr/local/Code/smart-campus)
2022-01-01 03:06:26.299 [main] INFO  com.codesniper.smartcampus.SmartCampusApplication - No active profile set, falling back to default profiles: default
2022-01-01 03:06:26.763 [main] INFO  o.s.d.r.config.RepositoryConfigurationDelegate - Multiple Spring Data modules found, entering strict repository configuration mode!
2022-01-01 03:06:26.765 [main] INFO  o.s.d.r.config.RepositoryConfigurationDelegate - Bootstrapping Spring Data Redis repositories in DEFAULT mode.
2022-01-01 03:06:26.779 [main] INFO  o.s.d.r.config.RepositoryConfigurationDelegate - Finished Spring Data repository scanning in 4 ms. Found 0 Redis repository interfaces.
2022-01-01 03:06:27.281 [main] INFO  o.s.boot.web.embedded.tomcat.TomcatWebServer - Tomcat initialized with port(s): 10086 (http)
2022-01-01 03:06:27.288 [main] INFO  org.apache.coyote.http11.Http11NioProtocol - Initializing ProtocolHandler ["http-nio-10086"]
2022-01-01 03:06:27.288 [main] INFO  org.apache.catalina.core.StandardService - Starting service [Tomcat]
2022-01-01 03:06:27.289 [main] INFO  org.apache.catalina.core.StandardEngine - Starting Servlet engine: [Apache Tomcat/9.0.54]
2022-01-01 03:06:27.343 [main] INFO  o.a.c.c.C.[Tomcat].[localhost].[/smart-campus] - Initializing Spring embedded WebApplicationContext
2022-01-01 03:06:27.343 [main] INFO  o.s.b.w.s.c.ServletWebServerApplicationContext - Root WebApplicationContext: initialization completed in 1015 ms
2022-01-01 03:06:28.027 [main] INFO  org.apache.coyote.http11.Http11NioProtocol - Starting ProtocolHandler ["http-nio-10086"]
2022-01-01 03:06:28.037 [main] INFO  o.s.boot.web.embedded.tomcat.TomcatWebServer - Tomcat started on port(s): 10086 (http) with context path '/smart-campus'
2022-01-01 03:06:28.131 [main] INFO  com.codesniper.smartcampus.SmartCampusApplication - Started SmartCampusApplication in 2.202 seconds (JVM running for 3.654)
2022-01-01 03:06:33.663 [http-nio-10086-exec-1] INFO  o.a.c.c.C.[Tomcat].[localhost].[/smart-campus] - Initializing Spring DispatcherServlet 'dispatcherServlet'
2022-01-01 03:06:33.663 [http-nio-10086-exec-1] INFO  org.springframework.web.servlet.DispatcherServlet - Initializing Servlet 'dispatcherServlet'
2022-01-01 03:06:33.664 [http-nio-10086-exec-1] INFO  org.springframework.web.servlet.DispatcherServlet - Completed initialization in 1 ms
2022-01-01 03:06:36.959 [http-nio-10086-exec-5] INFO  c.codesniper.smartcampus.controller.TestController - hello,world
2022-01-01 03:06:37.001 [http-nio-10086-exec-5] INFO  com.zaxxer.hikari.HikariDataSource - DataHikarCP - Starting...
2022-01-01 03:06:37.476 [http-nio-10086-exec-5] INFO  com.zaxxer.hikari.HikariDataSource - DataHikarCP - Start completed.
2022-01-01 03:34:56.413 [SpringApplicationShutdownHook] INFO  com.zaxxer.hikari.HikariDataSource - DataHikarCP - Shutdown initiated...
2022-01-01 03:34:56.416 [SpringApplicationShutdownHook] INFO  com.zaxxer.hikari.HikariDataSource - DataHikarCP - Shutdown completed.
2022-01-01 03:34:59.172 [main] INFO  com.codesniper.smartcampus.SmartCampusApplication - Starting SmartCampusApplication using Java 1.8.0_282 on gongxiwus-Macbook-Pro.local with PID 73668 (/usr/local/Code/smart-campus/target/classes started by gongxiwu in /usr/local/Code/smart-campus)
2022-01-01 03:34:59.173 [main] INFO  com.codesniper.smartcampus.SmartCampusApplication - No active profile set, falling back to default profiles: default
2022-01-01 03:34:59.659 [main] INFO  o.s.d.r.config.RepositoryConfigurationDelegate - Multiple Spring Data modules found, entering strict repository configuration mode!
2022-01-01 03:34:59.661 [main] INFO  o.s.d.r.config.RepositoryConfigurationDelegate - Bootstrapping Spring Data Redis repositories in DEFAULT mode.
2022-01-01 03:34:59.672 [main] INFO  o.s.d.r.config.RepositoryConfigurationDelegate - Finished Spring Data repository scanning in 3 ms. Found 0 Redis repository interfaces.
2022-01-01 03:35:00.145 [main] INFO  o.s.boot.web.embedded.tomcat.TomcatWebServer - Tomcat initialized with port(s): 10086 (http)
2022-01-01 03:35:00.151 [main] INFO  org.apache.coyote.http11.Http11NioProtocol - Initializing ProtocolHandler ["http-nio-10086"]
2022-01-01 03:35:00.151 [main] INFO  org.apache.catalina.core.StandardService - Starting service [Tomcat]
2022-01-01 03:35:00.152 [main] INFO  org.apache.catalina.core.StandardEngine - Starting Servlet engine: [Apache Tomcat/9.0.54]
2022-01-01 03:35:00.205 [main] INFO  o.a.c.c.C.[Tomcat].[localhost].[/smart-campus] - Initializing Spring embedded WebApplicationContext
2022-01-01 03:35:00.205 [main] INFO  o.s.b.w.s.c.ServletWebServerApplicationContext - Root WebApplicationContext: initialization completed in 992 ms
2022-01-01 03:35:00.908 [main] INFO  org.apache.coyote.http11.Http11NioProtocol - Starting ProtocolHandler ["http-nio-10086"]
2022-01-01 03:35:00.921 [main] INFO  o.s.boot.web.embedded.tomcat.TomcatWebServer - Tomcat started on port(s): 10086 (http) with context path '/smart-campus'
2022-01-01 03:35:01.042 [main] INFO  com.codesniper.smartcampus.SmartCampusApplication - Started SmartCampusApplication in 2.287 seconds (JVM running for 4.006)
2022-01-01 03:35:08.742 [main] INFO  com.codesniper.smartcampus.SmartCampusApplication - Starting SmartCampusApplication using Java 1.8.0_282 on gongxiwus-Macbook-Pro.local with PID 73718 (/usr/local/Code/smart-campus/target/classes started by gongxiwu in /usr/local/Code/smart-campus)
2022-01-01 03:35:08.744 [main] INFO  com.codesniper.smartcampus.SmartCampusApplication - No active profile set, falling back to default profiles: default
2022-01-01 03:35:09.192 [main] INFO  o.s.d.r.config.RepositoryConfigurationDelegate - Multiple Spring Data modules found, entering strict repository configuration mode!
2022-01-01 03:35:09.194 [main] INFO  o.s.d.r.config.RepositoryConfigurationDelegate - Bootstrapping Spring Data Redis repositories in DEFAULT mode.
2022-01-01 03:35:09.205 [main] INFO  o.s.d.r.config.RepositoryConfigurationDelegate - Finished Spring Data repository scanning in 3 ms. Found 0 Redis repository interfaces.
2022-01-01 03:35:09.653 [main] INFO  o.s.boot.web.embedded.tomcat.TomcatWebServer - Tomcat initialized with port(s): 10086 (http)
2022-01-01 03:35:09.659 [main] INFO  org.apache.coyote.http11.Http11NioProtocol - Initializing ProtocolHandler ["http-nio-10086"]
2022-01-01 03:35:09.660 [main] INFO  org.apache.catalina.core.StandardService - Starting service [Tomcat]
2022-01-01 03:35:09.660 [main] INFO  org.apache.catalina.core.StandardEngine - Starting Servlet engine: [Apache Tomcat/9.0.54]
2022-01-01 03:35:09.709 [main] INFO  o.a.c.c.C.[Tomcat].[localhost].[/smart-campus] - Initializing Spring embedded WebApplicationContext
2022-01-01 03:35:09.709 [main] INFO  o.s.b.w.s.c.ServletWebServerApplicationContext - Root WebApplicationContext: initialization completed in 937 ms
2022-01-01 03:35:10.380 [main] INFO  org.apache.coyote.http11.Http11NioProtocol - Starting ProtocolHandler ["http-nio-10086"]
2022-01-01 03:35:10.390 [main] INFO  o.s.boot.web.embedded.tomcat.TomcatWebServer - Tomcat started on port(s): 10086 (http) with context path '/smart-campus'
2022-01-01 03:35:10.481 [main] INFO  com.codesniper.smartcampus.SmartCampusApplication - Started SmartCampusApplication in 2.086 seconds (JVM running for 3.587)
2022-01-01 03:35:31.674 [http-nio-10086-exec-1] INFO  o.a.c.c.C.[Tomcat].[localhost].[/smart-campus] - Initializing Spring DispatcherServlet 'dispatcherServlet'
2022-01-01 03:35:31.675 [http-nio-10086-exec-1] INFO  org.springframework.web.servlet.DispatcherServlet - Initializing Servlet 'dispatcherServlet'
2022-01-01 03:35:31.676 [http-nio-10086-exec-1] INFO  org.springframework.web.servlet.DispatcherServlet - Completed initialization in 1 ms
2022-01-01 03:35:34.485 [http-nio-10086-exec-5] INFO  c.codesniper.smartcampus.controller.TestController - hello,world
2022-01-01 03:35:34.527 [http-nio-10086-exec-5] INFO  com.zaxxer.hikari.HikariDataSource - DataHikarCP - Starting...
2022-01-01 03:35:35.009 [http-nio-10086-exec-5] INFO  com.zaxxer.hikari.HikariDataSource - DataHikarCP - Start completed.
2022-01-01 03:35:59.293 [SpringApplicationShutdownHook] INFO  com.zaxxer.hikari.HikariDataSource - DataHikarCP - Shutdown initiated...
2022-01-01 03:35:59.296 [SpringApplicationShutdownHook] INFO  com.zaxxer.hikari.HikariDataSource - DataHikarCP - Shutdown completed.
2022-01-01 03:36:01.901 [main] INFO  com.codesniper.smartcampus.SmartCampusApplication - Starting SmartCampusApplication using Java 1.8.0_282 on gongxiwus-Macbook-Pro.local with PID 73732 (/usr/local/Code/smart-campus/target/classes started by gongxiwu in /usr/local/Code/smart-campus)
2022-01-01 03:36:01.903 [main] INFO  com.codesniper.smartcampus.SmartCampusApplication - No active profile set, falling back to default profiles: default
2022-01-01 03:36:02.356 [main] INFO  o.s.d.r.config.RepositoryConfigurationDelegate - Multiple Spring Data modules found, entering strict repository configuration mode!
2022-01-01 03:36:02.358 [main] INFO  o.s.d.r.config.RepositoryConfigurationDelegate - Bootstrapping Spring Data Redis repositories in DEFAULT mode.
2022-01-01 03:36:02.369 [main] INFO  o.s.d.r.config.RepositoryConfigurationDelegate - Finished Spring Data repository scanning in 3 ms. Found 0 Redis repository interfaces.
2022-01-01 03:36:02.842 [main] INFO  o.s.boot.web.embedded.tomcat.TomcatWebServer - Tomcat initialized with port(s): 10086 (http)
2022-01-01 03:36:02.849 [main] INFO  org.apache.coyote.http11.Http11NioProtocol - Initializing ProtocolHandler ["http-nio-10086"]
2022-01-01 03:36:02.849 [main] INFO  org.apache.catalina.core.StandardService - Starting service [Tomcat]
2022-01-01 03:36:02.849 [main] INFO  org.apache.catalina.core.StandardEngine - Starting Servlet engine: [Apache Tomcat/9.0.54]
2022-01-01 03:36:02.908 [main] INFO  o.a.c.c.C.[Tomcat].[localhost].[/smart-campus] - Initializing Spring embedded WebApplicationContext
2022-01-01 03:36:02.908 [main] INFO  o.s.b.w.s.c.ServletWebServerApplicationContext - Root WebApplicationContext: initialization completed in 974 ms
2022-01-01 03:36:03.607 [main] INFO  org.apache.coyote.http11.Http11NioProtocol - Starting ProtocolHandler ["http-nio-10086"]
2022-01-01 03:36:03.617 [main] INFO  o.s.boot.web.embedded.tomcat.TomcatWebServer - Tomcat started on port(s): 10086 (http) with context path '/smart-campus'
2022-01-01 03:36:03.705 [main] INFO  com.codesniper.smartcampus.SmartCampusApplication - Started SmartCampusApplication in 2.147 seconds (JVM running for 3.695)
2022-01-01 03:36:08.823 [http-nio-10086-exec-1] INFO  o.a.c.c.C.[Tomcat].[localhost].[/smart-campus] - Initializing Spring DispatcherServlet 'dispatcherServlet'
2022-01-01 03:36:08.823 [http-nio-10086-exec-1] INFO  org.springframework.web.servlet.DispatcherServlet - Initializing Servlet 'dispatcherServlet'
2022-01-01 03:36:08.824 [http-nio-10086-exec-1] INFO  org.springframework.web.servlet.DispatcherServlet - Completed initialization in 1 ms
2022-01-01 03:36:11.585 [http-nio-10086-exec-5] INFO  c.codesniper.smartcampus.controller.TestController - hello,world
2022-01-01 03:36:11.625 [http-nio-10086-exec-5] INFO  com.zaxxer.hikari.HikariDataSource - DataHikarCP - Starting...
2022-01-01 03:36:12.082 [http-nio-10086-exec-5] INFO  com.zaxxer.hikari.HikariDataSource - DataHikarCP - Start completed.
2022-01-01 03:43:34.281 [SpringApplicationShutdownHook] INFO  com.zaxxer.hikari.HikariDataSource - DataHikarCP - Shutdown initiated...
2022-01-01 03:43:34.285 [SpringApplicationShutdownHook] INFO  com.zaxxer.hikari.HikariDataSource - DataHikarCP - Shutdown completed.
2022-01-01 03:55:12.700 [main] INFO  com.codesniper.smartcampus.SmartCampusApplication - Starting SmartCampusApplication using Java 1.8.0_282 on gongxiwus-Macbook-Pro.local with PID 73960 (/usr/local/Code/smart-campus/target/classes started by gongxiwu in /usr/local/Code/smart-campus)
2022-01-01 03:55:12.702 [main] INFO  com.codesniper.smartcampus.SmartCampusApplication - No active profile set, falling back to default profiles: default
2022-01-01 03:55:13.245 [main] INFO  o.s.d.r.config.RepositoryConfigurationDelegate - Multiple Spring Data modules found, entering strict repository configuration mode!
2022-01-01 03:55:13.247 [main] INFO  o.s.d.r.config.RepositoryConfigurationDelegate - Bootstrapping Spring Data Redis repositories in DEFAULT mode.
2022-01-01 03:55:13.261 [main] INFO  o.s.d.r.config.RepositoryConfigurationDelegate - Finished Spring Data repository scanning in 4 ms. Found 0 Redis repository interfaces.
2022-01-01 03:55:13.776 [main] INFO  o.s.boot.web.embedded.tomcat.TomcatWebServer - Tomcat initialized with port(s): 10086 (http)
2022-01-01 03:55:13.783 [main] INFO  org.apache.coyote.http11.Http11NioProtocol - Initializing ProtocolHandler ["http-nio-10086"]
2022-01-01 03:55:13.784 [main] INFO  org.apache.catalina.core.StandardService - Starting service [Tomcat]
2022-01-01 03:55:13.784 [main] INFO  org.apache.catalina.core.StandardEngine - Starting Servlet engine: [Apache Tomcat/9.0.54]
2022-01-01 03:55:13.842 [main] INFO  o.a.c.c.C.[Tomcat].[localhost].[/smart-campus] - Initializing Spring embedded WebApplicationContext
2022-01-01 03:55:13.843 [main] INFO  o.s.b.w.s.c.ServletWebServerApplicationContext - Root WebApplicationContext: initialization completed in 1104 ms
2022-01-01 03:55:14.595 [main] INFO  org.apache.coyote.http11.Http11NioProtocol - Starting ProtocolHandler ["http-nio-10086"]
2022-01-01 03:55:14.606 [main] INFO  o.s.boot.web.embedded.tomcat.TomcatWebServer - Tomcat started on port(s): 10086 (http) with context path '/smart-campus'
2022-01-01 03:55:14.724 [main] INFO  com.codesniper.smartcampus.SmartCampusApplication - Started SmartCampusApplication in 2.395 seconds (JVM running for 4.039)
2022-01-01 03:55:22.484 [http-nio-10086-exec-1] INFO  o.a.c.c.C.[Tomcat].[localhost].[/smart-campus] - Initializing Spring DispatcherServlet 'dispatcherServlet'
2022-01-01 03:55:22.484 [http-nio-10086-exec-1] INFO  org.springframework.web.servlet.DispatcherServlet - Initializing Servlet 'dispatcherServlet'
2022-01-01 03:55:22.486 [http-nio-10086-exec-1] INFO  org.springframework.web.servlet.DispatcherServlet - Completed initialization in 1 ms
2022-01-01 03:55:25.228 [http-nio-10086-exec-5] INFO  c.codesniper.smartcampus.controller.TestController - hello,world
2022-01-01 03:55:25.269 [http-nio-10086-exec-5] INFO  com.zaxxer.hikari.HikariDataSource - DataHikarCP - Starting...
2022-01-01 03:55:25.744 [http-nio-10086-exec-5] INFO  com.zaxxer.hikari.HikariDataSource - DataHikarCP - Start completed.
2022-01-01 03:56:28.930 [SpringApplicationShutdownHook] INFO  com.zaxxer.hikari.HikariDataSource - DataHikarCP - Shutdown initiated...
2022-01-01 03:56:28.933 [SpringApplicationShutdownHook] INFO  com.zaxxer.hikari.HikariDataSource - DataHikarCP - Shutdown completed.
2022-01-01 03:56:31.523 [main] INFO  com.codesniper.smartcampus.SmartCampusApplication - Starting SmartCampusApplication using Java 1.8.0_282 on gongxiwus-Macbook-Pro.local with PID 73976 (/usr/local/Code/smart-campus/target/classes started by gongxiwu in /usr/local/Code/smart-campus)
2022-01-01 03:56:31.526 [main] INFO  com.codesniper.smartcampus.SmartCampusApplication - No active profile set, falling back to default profiles: default
2022-01-01 03:56:32.000 [main] INFO  o.s.d.r.config.RepositoryConfigurationDelegate - Multiple Spring Data modules found, entering strict repository configuration mode!
2022-01-01 03:56:32.001 [main] INFO  o.s.d.r.config.RepositoryConfigurationDelegate - Bootstrapping Spring Data Redis repositories in DEFAULT mode.
2022-01-01 03:56:32.013 [main] INFO  o.s.d.r.config.RepositoryConfigurationDelegate - Finished Spring Data repository scanning in 3 ms. Found 0 Redis repository interfaces.
2022-01-01 03:56:32.548 [main] INFO  o.s.boot.web.embedded.tomcat.TomcatWebServer - Tomcat initialized with port(s): 10086 (http)
2022-01-01 03:56:32.559 [main] INFO  org.apache.coyote.http11.Http11NioProtocol - Initializing ProtocolHandler ["http-nio-10086"]
2022-01-01 03:56:32.560 [main] INFO  org.apache.catalina.core.StandardService - Starting service [Tomcat]
2022-01-01 03:56:32.560 [main] INFO  org.apache.catalina.core.StandardEngine - Starting Servlet engine: [Apache Tomcat/9.0.54]
2022-01-01 03:56:32.638 [main] INFO  o.a.c.c.C.[Tomcat].[localhost].[/smart-campus] - Initializing Spring embedded WebApplicationContext
2022-01-01 03:56:32.639 [main] INFO  o.s.b.w.s.c.ServletWebServerApplicationContext - Root WebApplicationContext: initialization completed in 1079 ms
2022-01-01 03:56:33.371 [main] INFO  org.apache.coyote.http11.Http11NioProtocol - Starting ProtocolHandler ["http-nio-10086"]
2022-01-01 03:56:33.381 [main] INFO  o.s.boot.web.embedded.tomcat.TomcatWebServer - Tomcat started on port(s): 10086 (http) with context path '/smart-campus'
2022-01-01 03:56:33.480 [main] INFO  com.codesniper.smartcampus.SmartCampusApplication - Started SmartCampusApplication in 2.32 seconds (JVM running for 3.813)
2022-01-01 03:58:41.167 [http-nio-10086-exec-1] INFO  o.a.c.c.C.[Tomcat].[localhost].[/smart-campus] - Initializing Spring DispatcherServlet 'dispatcherServlet'
2022-01-01 03:58:41.167 [http-nio-10086-exec-1] INFO  org.springframework.web.servlet.DispatcherServlet - Initializing Servlet 'dispatcherServlet'
2022-01-01 03:58:41.168 [http-nio-10086-exec-1] INFO  org.springframework.web.servlet.DispatcherServlet - Completed initialization in 1 ms
2022-01-01 03:58:43.482 [http-nio-10086-exec-5] INFO  c.codesniper.smartcampus.controller.TestController - hello,world
2022-01-01 03:58:43.529 [http-nio-10086-exec-5] INFO  com.zaxxer.hikari.HikariDataSource - DataHikarCP - Starting...
2022-01-01 03:58:44.033 [http-nio-10086-exec-5] INFO  com.zaxxer.hikari.HikariDataSource - DataHikarCP - Start completed.
2022-01-01 03:58:48.182 [SpringApplicationShutdownHook] INFO  com.zaxxer.hikari.HikariDataSource - DataHikarCP - Shutdown initiated...
2022-01-01 03:58:48.186 [SpringApplicationShutdownHook] INFO  com.zaxxer.hikari.HikariDataSource - DataHikarCP - Shutdown completed.
2022-01-01 03:58:50.373 [main] INFO  com.codesniper.smartcampus.SmartCampusApplication - Starting SmartCampusApplication using Java 1.8.0_282 on gongxiwus-Macbook-Pro.local with PID 74000 (/usr/local/Code/smart-campus/target/classes started by gongxiwu in /usr/local/Code/smart-campus)
2022-01-01 03:58:50.375 [main] INFO  com.codesniper.smartcampus.SmartCampusApplication - No active profile set, falling back to default profiles: default
2022-01-01 03:58:50.827 [main] INFO  o.s.d.r.config.RepositoryConfigurationDelegate - Multiple Spring Data modules found, entering strict repository configuration mode!
2022-01-01 03:58:50.829 [main] INFO  o.s.d.r.config.RepositoryConfigurationDelegate - Bootstrapping Spring Data Redis repositories in DEFAULT mode.
2022-01-01 03:58:50.841 [main] INFO  o.s.d.r.config.RepositoryConfigurationDelegate - Finished Spring Data repository scanning in 3 ms. Found 0 Redis repository interfaces.
2022-01-01 03:58:51.279 [main] INFO  o.s.boot.web.embedded.tomcat.TomcatWebServer - Tomcat initialized with port(s): 10086 (http)
2022-01-01 03:58:51.286 [main] INFO  org.apache.coyote.http11.Http11NioProtocol - Initializing ProtocolHandler ["http-nio-10086"]
2022-01-01 03:58:51.286 [main] INFO  org.apache.catalina.core.StandardService - Starting service [Tomcat]
2022-01-01 03:58:51.286 [main] INFO  org.apache.catalina.core.StandardEngine - Starting Servlet engine: [Apache Tomcat/9.0.54]
2022-01-01 03:58:51.343 [main] INFO  o.a.c.c.C.[Tomcat].[localhost].[/smart-campus] - Initializing Spring embedded WebApplicationContext
2022-01-01 03:58:51.343 [main] INFO  o.s.b.w.s.c.ServletWebServerApplicationContext - Root WebApplicationContext: initialization completed in 937 ms
2022-01-01 03:58:52.139 [main] INFO  org.apache.coyote.http11.Http11NioProtocol - Starting ProtocolHandler ["http-nio-10086"]
2022-01-01 03:58:52.151 [main] INFO  o.s.boot.web.embedded.tomcat.TomcatWebServer - Tomcat started on port(s): 10086 (http) with context path '/smart-campus'
2022-01-01 03:58:52.261 [main] INFO  com.codesniper.smartcampus.SmartCampusApplication - Started SmartCampusApplication in 2.245 seconds (JVM running for 3.779)
2022-01-01 03:58:54.943 [http-nio-10086-exec-1] INFO  o.a.c.c.C.[Tomcat].[localhost].[/smart-campus] - Initializing Spring DispatcherServlet 'dispatcherServlet'
2022-01-01 03:58:54.944 [http-nio-10086-exec-1] INFO  org.springframework.web.servlet.DispatcherServlet - Initializing Servlet 'dispatcherServlet'
2022-01-01 03:58:54.945 [http-nio-10086-exec-1] INFO  org.springframework.web.servlet.DispatcherServlet - Completed initialization in 1 ms
2022-01-01 03:58:57.673 [http-nio-10086-exec-5] INFO  c.codesniper.smartcampus.controller.TestController - hello,world
2022-01-01 03:58:57.714 [http-nio-10086-exec-5] INFO  com.zaxxer.hikari.HikariDataSource - DataHikarCP - Starting...
2022-01-01 03:58:58.128 [http-nio-10086-exec-5] INFO  com.zaxxer.hikari.HikariDataSource - DataHikarCP - Start completed.
2022-01-01 03:59:12.294 [SpringApplicationShutdownHook] INFO  com.zaxxer.hikari.HikariDataSource - DataHikarCP - Shutdown initiated...
2022-01-01 03:59:12.298 [SpringApplicationShutdownHook] INFO  com.zaxxer.hikari.HikariDataSource - DataHikarCP - Shutdown completed.
2022-01-01 03:59:14.855 [main] INFO  com.codesniper.smartcampus.SmartCampusApplication - Starting SmartCampusApplication using Java 1.8.0_282 on gongxiwus-Macbook-Pro.local with PID 74010 (/usr/local/Code/smart-campus/target/classes started by gongxiwu in /usr/local/Code/smart-campus)
2022-01-01 03:59:14.858 [main] INFO  com.codesniper.smartcampus.SmartCampusApplication - No active profile set, falling back to default profiles: default
2022-01-01 03:59:15.320 [main] INFO  o.s.d.r.config.RepositoryConfigurationDelegate - Multiple Spring Data modules found, entering strict repository configuration mode!
2022-01-01 03:59:15.321 [main] INFO  o.s.d.r.config.RepositoryConfigurationDelegate - Bootstrapping Spring Data Redis repositories in DEFAULT mode.
2022-01-01 03:59:15.334 [main] INFO  o.s.d.r.config.RepositoryConfigurationDelegate - Finished Spring Data repository scanning in 3 ms. Found 0 Redis repository interfaces.
2022-01-01 03:59:15.783 [main] INFO  o.s.boot.web.embedded.tomcat.TomcatWebServer - Tomcat initialized with port(s): 10086 (http)
2022-01-01 03:59:15.789 [main] INFO  org.apache.coyote.http11.Http11NioProtocol - Initializing ProtocolHandler ["http-nio-10086"]
2022-01-01 03:59:15.789 [main] INFO  org.apache.catalina.core.StandardService - Starting service [Tomcat]
2022-01-01 03:59:15.789 [main] INFO  org.apache.catalina.core.StandardEngine - Starting Servlet engine: [Apache Tomcat/9.0.54]
2022-01-01 03:59:15.839 [main] INFO  o.a.c.c.C.[Tomcat].[localhost].[/smart-campus] - Initializing Spring embedded WebApplicationContext
2022-01-01 03:59:15.840 [main] INFO  o.s.b.w.s.c.ServletWebServerApplicationContext - Root WebApplicationContext: initialization completed in 953 ms
2022-01-01 03:59:16.612 [main] INFO  org.apache.coyote.http11.Http11NioProtocol - Starting ProtocolHandler ["http-nio-10086"]
2022-01-01 03:59:16.622 [main] INFO  o.s.boot.web.embedded.tomcat.TomcatWebServer - Tomcat started on port(s): 10086 (http) with context path '/smart-campus'
2022-01-01 03:59:16.720 [main] INFO  com.codesniper.smartcampus.SmartCampusApplication - Started SmartCampusApplication in 2.214 seconds (JVM running for 3.719)
2022-01-01 03:59:26.597 [http-nio-10086-exec-1] INFO  o.a.c.c.C.[Tomcat].[localhost].[/smart-campus] - Initializing Spring DispatcherServlet 'dispatcherServlet'
2022-01-01 03:59:26.598 [http-nio-10086-exec-1] INFO  org.springframework.web.servlet.DispatcherServlet - Initializing Servlet 'dispatcherServlet'
2022-01-01 03:59:26.599 [http-nio-10086-exec-1] INFO  org.springframework.web.servlet.DispatcherServlet - Completed initialization in 1 ms
2022-01-01 03:59:28.839 [http-nio-10086-exec-5] INFO  c.codesniper.smartcampus.controller.TestController - hello,world
2022-01-01 03:59:28.881 [http-nio-10086-exec-5] INFO  com.zaxxer.hikari.HikariDataSource - DataHikarCP - Starting...
2022-01-01 03:59:29.288 [http-nio-10086-exec-5] INFO  com.zaxxer.hikari.HikariDataSource - DataHikarCP - Start completed.
2022-01-01 04:00:05.949 [SpringApplicationShutdownHook] INFO  com.zaxxer.hikari.HikariDataSource - DataHikarCP - Shutdown initiated...
2022-01-01 04:00:05.953 [SpringApplicationShutdownHook] INFO  com.zaxxer.hikari.HikariDataSource - DataHikarCP - Shutdown completed.
2022-01-01 04:00:08.527 [main] INFO  com.codesniper.smartcampus.SmartCampusApplication - Starting SmartCampusApplication using Java 1.8.0_282 on gongxiwus-Macbook-Pro.local with PID 74022 (/usr/local/Code/smart-campus/target/classes started by gongxiwu in /usr/local/Code/smart-campus)
2022-01-01 04:00:08.529 [main] INFO  com.codesniper.smartcampus.SmartCampusApplication - No active profile set, falling back to default profiles: default
2022-01-01 04:00:08.977 [main] INFO  o.s.d.r.config.RepositoryConfigurationDelegate - Multiple Spring Data modules found, entering strict repository configuration mode!
2022-01-01 04:00:08.979 [main] INFO  o.s.d.r.config.RepositoryConfigurationDelegate - Bootstrapping Spring Data Redis repositories in DEFAULT mode.
2022-01-01 04:00:08.991 [main] INFO  o.s.d.r.config.RepositoryConfigurationDelegate - Finished Spring Data repository scanning in 3 ms. Found 0 Redis repository interfaces.
2022-01-01 04:00:09.471 [main] INFO  o.s.boot.web.embedded.tomcat.TomcatWebServer - Tomcat initialized with port(s): 10086 (http)
2022-01-01 04:00:09.478 [main] INFO  org.apache.coyote.http11.Http11NioProtocol - Initializing ProtocolHandler ["http-nio-10086"]
2022-01-01 04:00:09.479 [main] INFO  org.apache.catalina.core.StandardService - Starting service [Tomcat]
2022-01-01 04:00:09.479 [main] INFO  org.apache.catalina.core.StandardEngine - Starting Servlet engine: [Apache Tomcat/9.0.54]
2022-01-01 04:00:09.534 [main] INFO  o.a.c.c.C.[Tomcat].[localhost].[/smart-campus] - Initializing Spring embedded WebApplicationContext
2022-01-01 04:00:09.534 [main] INFO  o.s.b.w.s.c.ServletWebServerApplicationContext - Root WebApplicationContext: initialization completed in 975 ms
2022-01-01 04:00:10.224 [main] INFO  org.apache.coyote.http11.Http11NioProtocol - Starting ProtocolHandler ["http-nio-10086"]
2022-01-01 04:00:10.234 [main] INFO  o.s.boot.web.embedded.tomcat.TomcatWebServer - Tomcat started on port(s): 10086 (http) with context path '/smart-campus'
2022-01-01 04:00:10.325 [main] INFO  com.codesniper.smartcampus.SmartCampusApplication - Started SmartCampusApplication in 2.148 seconds (JVM running for 3.622)
2022-01-01 04:00:14.319 [http-nio-10086-exec-1] INFO  o.a.c.c.C.[Tomcat].[localhost].[/smart-campus] - Initializing Spring DispatcherServlet 'dispatcherServlet'
2022-01-01 04:00:14.320 [http-nio-10086-exec-1] INFO  org.springframework.web.servlet.DispatcherServlet - Initializing Servlet 'dispatcherServlet'
2022-01-01 04:00:14.321 [http-nio-10086-exec-1] INFO  org.springframework.web.servlet.DispatcherServlet - Completed initialization in 1 ms
2022-01-01 04:00:16.706 [http-nio-10086-exec-5] INFO  c.codesniper.smartcampus.controller.TestController - hello,world
2022-01-01 04:00:16.749 [http-nio-10086-exec-5] INFO  com.zaxxer.hikari.HikariDataSource - DataHikarCP - Starting...
2022-01-01 04:00:17.295 [http-nio-10086-exec-5] INFO  com.zaxxer.hikari.HikariDataSource - DataHikarCP - Start completed.
